#
# A fatal error has been detected by the Java Runtime Environment:
#
#  EXCEPTION_ACCESS_VIOLATION (0xc0000005) at pc=0x650a696a, pid=4052, tid=4960
#
# JRE version: Java(TM) SE Runtime Environment (8.0_66-b18) (build 1.8.0_66-b18)
# Java VM: Java HotSpot(TM) Client VM (25.66-b18 mixed mode, sharing windows-x86 )
# Problematic frame:
# C  [gdx-bullet.dll+0x2696a]
#
# Failed to write core dump. Minidumps are not enabled by default on client versions of Windows
#
# If you would like to submit a bug report, please visit:
#   http://bugreport.java.com/bugreport/crash.jsp
# The crash happened outside the Java Virtual Machine in native code.
# See problematic frame for where to report the bug.
#

---------------  T H R E A D  ---------------

Current thread (0x0d401400):  JavaThread "LWJGL Application" [_thread_in_native, id=4960, stack(0x0e340000,0x0e390000)]

siginfo: ExceptionCode=0xc0000005, reading address 0x144ccb9c

Registers:
EAX=0x00d7aca0, EBX=0x144ccae0, ECX=0x144c34c0, EDX=0x144c34c0
ESP=0x0e38f5a0, EBP=0x0e38f608, ESI=0x145d4ae0, EDI=0x0d401400
EIP=0x650a696a, EFLAGS=0x00010212

Top of Stack: (sp=0x0e38f5a0)
0x0e38f5a0:   144c7930 144c1dc0 144c34c0 0e38f5bc
0x0e38f5b0:   77d9c55c 00000000 0e38f5e8 144cb850
0x0e38f5c0:   0000001e 144c7930 144c34c0 0e38f62c
0x0e38f5d0:   00000001 0d401400 145d4ae0 144c34c0
0x0e38f5e0:   145d4ae0 6534d050 6534e5f4 0e38f600
0x0e38f5f0:   650a6a46 0e38f5a0 0e38f92c 77cfd1d0
0x0e38f600:   06232add 144c34c0 0e38f6e4 6513ff9f
0x0e38f610:   144dd6b0 0dbd0178 5cbd5937 0dbd01f8 

Instructions: (pc=0x650a696a)
0x650a694a:   00 08 22 37 65 85 d2 0f 8e ea 00 00 00 8b 45 c0
0x650a695a:   c7 45 b8 00 00 00 00 8b 40 10 8b 5d b8 8b 1c 98
0x650a696a:   8b 93 bc 00 00 00 89 5d b4 85 d2 89 55 bc 74 60
0x650a697a:   8b 45 c0 8b 48 44 8b 01 8b 40 24 c7 45 c8 01 00 


Register to memory mapping:

EAX=0x00d7aca0 is an unknown value
EBX=0x144ccae0 is an unknown value
ECX=0x144c34c0 is an unknown value
EDX=0x144c34c0 is an unknown value
ESP=0x0e38f5a0 is pointing into the stack for thread: 0x0d401400
EBP=0x0e38f608 is pointing into the stack for thread: 0x0d401400
ESI={method} {0x145d4ae4} 'delete_btDiscreteDynamicsWorld' '(J)V' in 'com/badlogic/gdx/physics/bullet/dynamics/DynamicsJNI'
EDI=0x0d401400 is a thread


Stack: [0x0e340000,0x0e390000],  sp=0x0e38f5a0,  free space=317k
Native frames: (J=compiled Java code, j=interpreted, Vv=VM code, C=native code)
C  [gdx-bullet.dll+0x2696a]
C  [gdx-bullet.dll+0xbff9f]
j  com.badlogic.gdx.physics.bullet.dynamics.btDiscreteDynamicsWorld.delete()V+25
j  com.badlogic.gdx.physics.bullet.BulletBase.dispose()V+74
j  com.uos.mortaldestiny.Physics.dispose()V+48
j  com.uos.mortaldestiny.GameClass.dispose()V+53
j  com.badlogic.gdx.backends.lwjgl.LwjglApplication.mainLoop()V+822
j  com.badlogic.gdx.backends.lwjgl.LwjglApplication$1.run()V+27
v  ~StubRoutines::call_stub
V  [jvm.dll+0x158ba5]
V  [jvm.dll+0x21e12e]
V  [jvm.dll+0x158c3e]
V  [jvm.dll+0x158dc6]
V  [jvm.dll+0x158e37]
V  [jvm.dll+0xfd84f]
V  [jvm.dll+0x17c07c]
V  [jvm.dll+0x17c16a]
V  [jvm.dll+0x1c06f6]
C  [msvcr100.dll+0x5c556]
C  [msvcr100.dll+0x5c600]
C  [KERNEL32.DLL+0x13744]
C  [ntdll.dll+0x59cd4]
C  [ntdll.dll+0x59c9f]
C  0x00000000

Java frames: (J=compiled Java code, j=interpreted, Vv=VM code)
j  com.badlogic.gdx.physics.bullet.dynamics.DynamicsJNI.delete_btDiscreteDynamicsWorld(J)V+0
j  com.badlogic.gdx.physics.bullet.dynamics.btDiscreteDynamicsWorld.delete()V+25
j  com.badlogic.gdx.physics.bullet.BulletBase.dispose()V+74
j  com.uos.mortaldestiny.Physics.dispose()V+48
j  com.uos.mortaldestiny.GameClass.dispose()V+53
j  com.badlogic.gdx.backends.lwjgl.LwjglApplication.mainLoop()V+822
j  com.badlogic.gdx.backends.lwjgl.LwjglApplication$1.run()V+27
v  ~StubRoutines::call_stub

---------------  P R O C E S S  ---------------

Java Threads: ( => current thread )
  0x0dc9f400 JavaThread "LWJGL Timer" daemon [_thread_blocked, id=9100, stack(0x14b40000,0x14b90000)]
  0x0ddbf000 JavaThread "AsynchExecutor-Thread" daemon [_thread_blocked, id=2980, stack(0x0ff90000,0x0ffe0000)]
  0x0252e000 JavaThread "DestroyJavaVM" [_thread_blocked, id=1352, stack(0x02580000,0x025d0000)]
=>0x0d401400 JavaThread "LWJGL Application" [_thread_in_native, id=4960, stack(0x0e340000,0x0e390000)]
  0x0d2c4c00 JavaThread "AWT-Windows" daemon [_thread_in_native, id=12168, stack(0x0d690000,0x0d6e0000)]
  0x0d2c3000 JavaThread "Java2D Disposer" daemon [_thread_blocked, id=2296, stack(0x0d570000,0x0d5c0000)]
  0x0268d400 JavaThread "Service Thread" daemon [_thread_blocked, id=1216, stack(0x0d140000,0x0d190000)]
  0x0266cc00 JavaThread "C1 CompilerThread0" daemon [_thread_blocked, id=1124, stack(0x0d0b0000,0x0d100000)]
  0x0266b800 JavaThread "Attach Listener" daemon [_thread_blocked, id=10564, stack(0x0d020000,0x0d070000)]
  0x0266ac00 JavaThread "Signal Dispatcher" daemon [_thread_blocked, id=10208, stack(0x0cf90000,0x0cfe0000)]
  0x0265d400 JavaThread "Finalizer" daemon [_thread_blocked, id=1948, stack(0x0cdf0000,0x0ce40000)]
  0x02658400 JavaThread "Reference Handler" daemon [_thread_blocked, id=4880, stack(0x0cd60000,0x0cdb0000)]

Other Threads:
  0x02654800 VMThread [stack: 0x0ccd0000,0x0cd20000] [id=808]
  0x026a1400 WatcherThread [stack: 0x0d1d0000,0x0d220000] [id=10084]

VM state:not at safepoint (normal execution)

VM Mutex/Monitor currently owned by a thread: None

Heap:
 def new generation   total 15360K, used 4008K [0x04800000, 0x058a0000, 0x072a0000)
  eden space 13696K,  17% used [0x04800000, 0x04a4a248, 0x05560000)
  from space 1664K,  99% used [0x05560000, 0x056ffff8, 0x05700000)
  to   space 1664K,   0% used [0x05700000, 0x05700000, 0x058a0000)
 tenured generation   total 34176K, used 2400K [0x072a0000, 0x09400000, 0x0c800000)
   the space 34176K,   7% used [0x072a0000, 0x074f81d0, 0x074f8200, 0x09400000)
 Metaspace       used 3704K, capacity 5663K, committed 5760K, reserved 6528K

Card table byte_map: [0x047b0000,0x04800000] byte_map_base: 0x0478c000

Polling page: 0x025d0000

CodeCache: size=32768Kb used=1583Kb max_used=1583Kb free=31184Kb
 bounds [0x02730000, 0x028c0000, 0x04730000]
 total_blobs=1073 nmethods=588 adapters=416
 compilation: enabled

Compilation events (10 events):
Event: 2.260 Thread 0x0266cc00  587             com.badlogic.gdx.graphics.Color::clamp (126 bytes)
Event: 2.260 Thread 0x0266cc00 nmethod 587 0x028b9708 code [0x028b9820, 0x028b99b0]
Event: 2.310 Thread 0x0266cc00  588             com.badlogic.gdx.graphics.g3d.shaders.DefaultShader::begin (190 bytes)
Event: 2.311 Thread 0x0266cc00 nmethod 588 0x028b9a08 code [0x028b9bc0, 0x028ba158]
Event: 2.460 Thread 0x0266cc00  589             com.badlogic.gdx.utils.TimSort::gallopRight (252 bytes)
Event: 2.461 Thread 0x0266cc00 nmethod 589 0x028bab48 code [0x028bac90, 0x028bafd0]
Event: 2.511 Thread 0x0266cc00  590             com.badlogic.gdx.utils.TimSort::countRunAndMakeAscending (109 bytes)
Event: 2.511 Thread 0x0266cc00 nmethod 590 0x028bb308 code [0x028bb450, 0x028bb7c4]
Event: 2.527 Thread 0x0266cc00  591             com.badlogic.gdx.utils.Pools::get (37 bytes)
Event: 2.528 Thread 0x0266cc00 nmethod 591 0x028bbb88 code [0x028bbcc0, 0x028bbe90]

GC Heap History (4 events):
Event: 0.718 GC heap before
{Heap before GC invocations=0 (full 0):
 def new generation   total 15360K, used 13461K [0x04800000, 0x058a0000, 0x072a0000)
  eden space 13696K,  98% used [0x04800000, 0x05525568, 0x05560000)
  from space 1664K,   0% used [0x05560000, 0x05560000, 0x05700000)
  to   space 1664K,   0% used [0x05700000, 0x05700000, 0x058a0000)
 tenured generation   total 34176K, used 0K [0x072a0000, 0x09400000, 0x0c800000)
   the space 34176K,   0% used [0x072a0000, 0x072a0000, 0x072a0200, 0x09400000)
 Metaspace       used 2036K, capacity 3999K, committed 4032K, reserved 4480K
Event: 0.723 GC heap after
Heap after GC invocations=1 (full 0):
 def new generation   total 15360K, used 1664K [0x04800000, 0x058a0000, 0x072a0000)
  eden space 13696K,   0% used [0x04800000, 0x04800000, 0x05560000)
  from space 1664K, 100% used [0x05700000, 0x058a0000, 0x058a0000)
  to   space 1664K,   0% used [0x05560000, 0x05560000, 0x05700000)
 tenured generation   total 34176K, used 1104K [0x072a0000, 0x09400000, 0x0c800000)
   the space 34176K,   3% used [0x072a0000, 0x073b41e8, 0x073b4200, 0x09400000)
 Metaspace       used 2036K, capacity 3999K, committed 4032K, reserved 4480K
}
Event: 1.199 GC heap before
{Heap before GC invocations=1 (full 0):
 def new generation   total 15360K, used 15360K [0x04800000, 0x058a0000, 0x072a0000)
  eden space 13696K, 100% used [0x04800000, 0x05560000, 0x05560000)
  from space 1664K, 100% used [0x05700000, 0x058a0000, 0x058a0000)
  to   space 1664K,   0% used [0x05560000, 0x05560000, 0x05700000)
 tenured generation   total 34176K, used 1104K [0x072a0000, 0x09400000, 0x0c800000)
   the space 34176K,   3% used [0x072a0000, 0x073b41e8, 0x073b4200, 0x09400000)
 Metaspace       used 3511K, capacity 5471K, committed 5504K, reserved 5504K
Event: 1.204 GC heap after
Heap after GC invocations=2 (full 0):
 def new generation   total 15360K, used 1663K [0x04800000, 0x058a0000, 0x072a0000)
  eden space 13696K,   0% used [0x04800000, 0x04800000, 0x05560000)
  from space 1664K,  99% used [0x05560000, 0x056ffff8, 0x05700000)
  to   space 1664K,   0% used [0x05700000, 0x05700000, 0x058a0000)
 tenured generation   total 34176K, used 2400K [0x072a0000, 0x09400000, 0x0c800000)
   the space 34176K,   7% used [0x072a0000, 0x074f81d0, 0x074f8200, 0x09400000)
 Metaspace       used 3511K, capacity 5471K, committed 5504K, reserved 5504K
}

Deoptimization events (0 events):
No events

Internal exceptions (10 events):
Event: 0.074 Thread 0x0252e000 Exception <a 'java/security/PrivilegedActionException'> (0x048f6278) thrown at [C:\re\workspace\8-2-build-windows-i586-cygwin\jdk8u66\5298\hotspot\src\share\vm\prims\jvm.cpp, line 1386]
Event: 0.077 Thread 0x0252e000 Exception <a 'java/io/FileNotFoundException'> (0x048f8c28) thrown at [C:\re\workspace\8-2-build-windows-i586-cygwin\jdk8u66\5298\hotspot\src\share\vm\prims\jni.cpp, line 709]
Event: 0.104 Thread 0x0252e000 Exception <a 'java/lang/NoSuchFieldError': method resolution failed> (0x049f8130) thrown at [C:\re\workspace\8-2-build-windows-i586-cygwin\jdk8u66\5298\hotspot\src\share\vm\prims\methodHandles.cpp, line 1146]
Event: 0.105 Thread 0x0252e000 Exception <a 'java/lang/NoSuchFieldError': method resolution failed> (0x04a042d0) thrown at [C:\re\workspace\8-2-build-windows-i586-cygwin\jdk8u66\5298\hotspot\src\share\vm\prims\methodHandles.cpp, line 1146]
Event: 0.232 Thread 0x0252e000 Exception <a 'java/security/PrivilegedActionException'> (0x04dd06b0) thrown at [C:\re\workspace\8-2-build-windows-i586-cygwin\jdk8u66\5298\hotspot\src\share\vm\prims\jvm.cpp, line 1386]
Event: 0.232 Thread 0x0252e000 Exception <a 'java/security/PrivilegedActionException'> (0x04dd2088) thrown at [C:\re\workspace\8-2-build-windows-i586-cygwin\jdk8u66\5298\hotspot\src\share\vm\prims\jvm.cpp, line 1386]
Event: 0.232 Thread 0x0252e000 Exception <a 'java/security/PrivilegedActionException'> (0x04dd3098) thrown at [C:\re\workspace\8-2-build-windows-i586-cygwin\jdk8u66\5298\hotspot\src\share\vm\prims\jvm.cpp, line 1386]
Event: 0.233 Thread 0x0252e000 Exception <a 'java/security/PrivilegedActionException'> (0x04dd7b58) thrown at [C:\re\workspace\8-2-build-windows-i586-cygwin\jdk8u66\5298\hotspot\src\share\vm\prims\jvm.cpp, line 1386]
Event: 0.233 Thread 0x0252e000 Exception <a 'java/security/PrivilegedActionException'> (0x04dd8718) thrown at [C:\re\workspace\8-2-build-windows-i586-cygwin\jdk8u66\5298\hotspot\src\share\vm\prims\jvm.cpp, line 1386]
Event: 0.233 Thread 0x0252e000 Exception <a 'java/security/PrivilegedActionException'> (0x04dd9298) thrown at [C:\re\workspace\8-2-build-windows-i586-cygwin\jdk8u66\5298\hotspot\src\share\vm\prims\jvm.cpp, line 1386]

Events (10 events):
Event: 1.243 Thread 0x0dc9f400 Thread added: 0x0dc9f400
Event: 1.246 loading class org/lwjgl/opengl/WindowsKeycodes
Event: 1.246 loading class org/lwjgl/opengl/WindowsKeycodes done
Event: 1.247 loading class com/badlogic/gdx/backends/lwjgl/LwjglInput$KeyEvent
Event: 1.247 loading class com/badlogic/gdx/backends/lwjgl/LwjglInput$KeyEvent done
Event: 2.104 Thread 0x0d2c3c00 Thread exited: 0x0d2c3c00
Event: 2.664 loading class com/badlogic/gdx/backends/lwjgl/LwjglApplication$2
Event: 2.664 loading class com/badlogic/gdx/backends/lwjgl/LwjglApplication$2 done
Event: 2.665 loading class com/badlogic/gdx/utils/ArrayMap$Values
Event: 2.665 loading class com/badlogic/gdx/utils/ArrayMap$Values done


Dynamic libraries:
0x00900000 - 0x00933000 	C:\Program Files (x86)\Java\jre1.8.0_66\bin\javaw.exe
0x77d60000 - 0x77ed9000 	C:\WINDOWS\SYSTEM32\ntdll.dll
0x74e90000 - 0x74f80000 	C:\WINDOWS\SYSTEM32\KERNEL32.DLL
0x753b0000 - 0x75526000 	C:\WINDOWS\SYSTEM32\KERNELBASE.dll
0x77540000 - 0x775bb000 	C:\WINDOWS\SYSTEM32\ADVAPI32.dll
0x77ca0000 - 0x77d5e000 	C:\WINDOWS\SYSTEM32\msvcrt.dll
0x750d0000 - 0x75113000 	C:\WINDOWS\SYSTEM32\sechost.dll
0x758b0000 - 0x7595c000 	C:\WINDOWS\SYSTEM32\RPCRT4.dll
0x74e70000 - 0x74e8e000 	C:\WINDOWS\SYSTEM32\SspiCli.dll
0x74e60000 - 0x74e6a000 	C:\WINDOWS\SYSTEM32\CRYPTBASE.dll
0x74e00000 - 0x74e59000 	C:\WINDOWS\SYSTEM32\bcryptPrimitives.dll
0x77940000 - 0x77a80000 	C:\WINDOWS\SYSTEM32\USER32.dll
0x74f80000 - 0x750cd000 	C:\WINDOWS\SYSTEM32\GDI32.dll
0x74a10000 - 0x74c19000 	C:\WINDOWS\WinSxS\x86_microsoft.windows.common-controls_6595b64144ccf1df_6.0.10240.16384_none_3bccb1ff6bcd1849\COMCTL32.dll
0x75120000 - 0x7514b000 	C:\WINDOWS\SYSTEM32\IMM32.DLL
0x75a50000 - 0x75b70000 	C:\WINDOWS\SYSTEM32\MSCTF.dll
0x5c670000 - 0x5c72f000 	C:\Program Files (x86)\Java\jre1.8.0_66\bin\msvcr100.dll
0x5caa0000 - 0x5ce65000 	C:\Program Files (x86)\Java\jre1.8.0_66\bin\client\jvm.dll
0x75530000 - 0x75536000 	C:\WINDOWS\SYSTEM32\PSAPI.DLL
0x67850000 - 0x67858000 	C:\WINDOWS\SYSTEM32\WSOCK32.dll
0x749d0000 - 0x749f4000 	C:\WINDOWS\SYSTEM32\WINMM.dll
0x77770000 - 0x777cc000 	C:\WINDOWS\SYSTEM32\WS2_32.dll
0x76ff0000 - 0x76ff7000 	C:\WINDOWS\SYSTEM32\NSI.dll
0x74df0000 - 0x74df8000 	C:\WINDOWS\SYSTEM32\VERSION.dll
0x749a0000 - 0x749c3000 	C:\WINDOWS\SYSTEM32\winmmbase.dll
0x775c0000 - 0x775f6000 	C:\WINDOWS\SYSTEM32\cfgmgr32.dll
0x74970000 - 0x74991000 	C:\WINDOWS\SYSTEM32\DEVOBJ.dll
0x5c9d0000 - 0x5c9dc000 	C:\Program Files (x86)\Java\jre1.8.0_66\bin\verify.dll
0x5c9a0000 - 0x5c9c1000 	C:\Program Files (x86)\Java\jre1.8.0_66\bin\java.dll
0x5c980000 - 0x5c993000 	C:\Program Files (x86)\Java\jre1.8.0_66\bin\zip.dll
0x75bc0000 - 0x76f7e000 	C:\WINDOWS\SYSTEM32\SHELL32.dll
0x77060000 - 0x7753c000 	C:\WINDOWS\SYSTEM32\windows.storage.dll
0x77a80000 - 0x77c3a000 	C:\WINDOWS\SYSTEM32\combase.dll
0x75360000 - 0x753a4000 	C:\WINDOWS\SYSTEM32\shlwapi.dll
0x75820000 - 0x7582c000 	C:\WINDOWS\SYSTEM32\kernel.appcore.dll
0x75540000 - 0x755cd000 	C:\WINDOWS\SYSTEM32\shcore.dll
0x76f80000 - 0x76fc4000 	C:\WINDOWS\SYSTEM32\powrprof.dll
0x77600000 - 0x7760f000 	C:\WINDOWS\SYSTEM32\profapi.dll
0x6cdb0000 - 0x6cef5000 	C:\Program Files (x86)\Java\jre1.8.0_66\bin\awt.dll
0x755d0000 - 0x75662000 	C:\WINDOWS\SYSTEM32\OLEAUT32.dll
0x73270000 - 0x73301000 	C:\WINDOWS\system32\apphelp.dll
0x741d0000 - 0x74245000 	C:\WINDOWS\system32\uxtheme.dll
0x723d0000 - 0x72411000 	C:\Program Files (x86)\TeamViewer\tv_w32.dll
0x75960000 - 0x75a4a000 	C:\WINDOWS\SYSTEM32\ole32.dll
0x73380000 - 0x7339d000 	C:\WINDOWS\system32\dwmapi.dll
0x0d800000 - 0x0d873000 	C:\Users\nilsb\AppData\Local\Temp\libgdxnilsb\bd48096\gdx.dll
0x74480000 - 0x74493000 	C:\WINDOWS\SYSTEM32\CRYPTSP.dll
0x74d60000 - 0x74d7b000 	C:\WINDOWS\SYSTEM32\bcrypt.dll
0x74320000 - 0x7434f000 	C:\WINDOWS\system32\rsaenh.dll
0x74c30000 - 0x74c49000 	C:\WINDOWS\SYSTEM32\USERENV.dll
0x5c960000 - 0x5c976000 	C:\Program Files (x86)\Java\jre1.8.0_66\bin\net.dll
0x74830000 - 0x7487e000 	C:\WINDOWS\system32\mswsock.dll
0x74940000 - 0x74970000 	C:\WINDOWS\SYSTEM32\IPHLPAPI.DLL
0x74880000 - 0x74888000 	C:\WINDOWS\SYSTEM32\WINNSI.DLL
0x73de0000 - 0x73df3000 	C:\WINDOWS\SYSTEM32\dhcpcsvc6.DLL
0x73e00000 - 0x73e14000 	C:\WINDOWS\SYSTEM32\dhcpcsvc.DLL
0x5c950000 - 0x5c95f000 	C:\Program Files (x86)\Java\jre1.8.0_66\bin\nio.dll
0x10000000 - 0x1004f000 	C:\Users\nilsb\AppData\Local\Temp\libgdxnilsb\68069333\lwjgl.dll
0x67890000 - 0x67970000 	C:\WINDOWS\SYSTEM32\OPENGL32.dll
0x72c70000 - 0x72d5b000 	C:\WINDOWS\SYSTEM32\DDRAW.dll
0x67860000 - 0x67885000 	C:\WINDOWS\SYSTEM32\GLU32.dll
0x73370000 - 0x73377000 	C:\WINDOWS\SYSTEM32\DCIMAN32.dll
0x0dfc0000 - 0x0e025000 	C:\Users\nilsb\AppData\Local\Temp\libgdxnilsb\68069333\OpenAL32.dll
0x75150000 - 0x751d2000 	C:\WINDOWS\SYSTEM32\clbcatq.dll
0x6fcd0000 - 0x6fd24000 	C:\WINDOWS\System32\MMDevApi.dll
0x73fb0000 - 0x740f2000 	C:\WINDOWS\System32\PROPSYS.dll
0x6fc40000 - 0x6fcc6000 	C:\WINDOWS\SYSTEM32\dsound.dll
0x70b80000 - 0x70be8000 	C:\WINDOWS\SYSTEM32\AUDIOSES.DLL
0x70ab0000 - 0x70b75000 	C:\WINDOWS\SYSTEM32\wintypes.dll
0x68960000 - 0x6a14b000 	C:\WINDOWS\SYSTEM32\nvoglv32.DLL
0x75670000 - 0x75815000 	C:\WINDOWS\SYSTEM32\SETUPAPI.dll
0x74c20000 - 0x74c2f000 	C:\WINDOWS\SYSTEM32\WTSAPI32.dll
0x73450000 - 0x7358f000 	C:\WINDOWS\SYSTEM32\dbghelp.dll
0x75b70000 - 0x75bb2000 	C:\WINDOWS\SYSTEM32\WINTRUST.dll
0x76fd0000 - 0x76fde000 	C:\WINDOWS\SYSTEM32\MSASN1.dll
0x751e0000 - 0x75355000 	C:\WINDOWS\SYSTEM32\CRYPT32.dll
0x74d30000 - 0x74d58000 	C:\WINDOWS\SYSTEM32\ntmarta.dll
0x73be0000 - 0x73c24000 	C:\WINDOWS\SYSTEM32\WINSTA.dll
0x6f370000 - 0x6f3ef000 	C:\WINDOWS\SYSTEM32\mscms.dll
0x50040000 - 0x5007d000 	C:\WINDOWS\SYSTEM32\icm32.dll
0x65080000 - 0x65491000 	C:\Users\nilsb\AppData\Local\Temp\libgdxnilsb\4dacbe1e\gdx-bullet.dll
0x6dd40000 - 0x6de40000 	C:\Users\nilsb\AppData\Local\Temp\libgdxnilsb\740d6003\gdx-controllers-desktop.dll
0x6f930000 - 0x6f966000 	C:\WINDOWS\SYSTEM32\dinput8.dll
0x67840000 - 0x6784a000 	C:\WINDOWS\SYSTEM32\HID.DLL
0x14bd0000 - 0x14c71000 	C:\Program Files (x86)\ASUS\AI Suite II\Remote GO!\AssistTools\WiFiGO_HookKey.dll
0x14ba0000 - 0x14bae000 	C:\Program Files (x86)\ASUS\AI Suite II\TurboV EVO\HookKey32.dll

VM Arguments:
jvm_args: -Xms50M -Xmx128M -Dfile.encoding=Cp1252 
java_command: com.uos.mortaldestiny.desktop.DesktopLauncher
java_class_path (initial): C:\git\MortalDestiny\desktop\bin;C:\Users\nilsb\.gradle\caches\modules-2\files-2.1\com.badlogicgames.gdx\gdx-backend-lwjgl\1.8.0\83ec9ed2262d201b0c76183a92450286ca39bd63\gdx-backend-lwjgl-1.8.0.jar;C:\Users\nilsb\.gradle\caches\modules-2\files-2.1\com.badlogicgames.gdx\gdx-platform\1.8.0\96dac3baecfdf1e28ac6dbfe51f3cfcaf6f90785\gdx-platform-1.8.0-natives-desktop.jar;C:\Users\nilsb\.gradle\caches\modules-2\files-2.1\com.badlogicgames.gdx\gdx-box2d-platform\1.8.0\78d7e6f73ae42f74f4c91fa0d801e5d13bdbb948\gdx-box2d-platform-1.8.0-natives-desktop.jar;C:\Users\nilsb\.gradle\caches\modules-2\files-2.1\com.badlogicgames.gdx\gdx-tools\1.8.0\5725b366dff2167eae8cec1b4a1a2806fe7b5e27\gdx-tools-1.8.0.jar;C:\Users\nilsb\.gradle\caches\modules-2\files-2.1\com.badlogicgames.gdx\gdx-controllers-desktop\1.8.0\7f68c6c789ada7c67b1b7244123743e4e37be931\gdx-controllers-desktop-1.8.0.jar;C:\Users\nilsb\.gradle\caches\modules-2\files-2.1\com.badlogicgames.gdx\gdx-controllers-platform\1.8.0\f67537398b20867b3a49fedc6996b862a2c87ef7\gdx-controllers-platform-1.8.0-natives-desktop.jar;C:\Users\nilsb\.gradle\caches\modules-2\files-2.1\com.badlogicgames.gdx\gdx-bullet-platform\1.8.0\703309c89f68f06b2795742af36799091fcbe4a4\gdx-bullet-platform-1.8.0-natives-desktop.jar;C:\Users\nilsb\.gradle\caches\modules-2\files-2.1\com.badlogicgames.gdx\gdx\1.8.0\8aaf0d40f211e94051538d28b06996a6cc5ed2af\gdx-1.8.0.jar;C:\Users\nilsb\.gradle\caches\modules-2\files-2.1\com.badlogicgames.gdx\gdx-box2d\1.8.0\a87cfc0621180fd6976238366541d6211f9e18a4\gdx-box2d-1.8.0.jar;C:\Users\nilsb\.gradle\caches\modules-2\files-2.1\com.badlogicgames.box2dlights\box2dlights\1.4\3d77ad5b4164fb32fc67e2446e35911bb0aaf0bd\box2dlights-1.4.jar;C:\Users\nilsb\.gradle\caches\modules-2\files-2.1\com.badlogicgames.ashley\ashley\1.7.0\a7c4083c0a42027a3c03ba7ccecef6cbe1c5f0a4\ashley-1.7.0.jar;C:\Users\nilsb\.gradle\caches\modules-2\files-2.1\com.badlogicgames.gdx\gdx-ai\1.7.0\e74a876dbaabe28abe8160d677b0a67b61c7dfa
Launcher Type: SUN_STANDARD

Environment Variables:
PATH=C:/Program Files (x86)/Java/jre1.8.0_66/bin/client;C:/Program Files (x86)/Java/jre1.8.0_66/bin;C:/Program Files (x86)/Java/jre1.8.0_66/lib/i386;C:\ProgramData\Oracle\Java\javapath;C:\Program Files (x86)\AMD APP\bin\x86_64;C:\Program Files (x86)\AMD APP\bin\x86;C:\WINDOWS\system32;C:\WINDOWS;C:\WINDOWS\System32\Wbem;C:\WINDOWS\System32\WindowsPowerShell\v1.0\;C:\Program Files (x86)\ATI Technologies\ATI.ACE\Core-Static;C:\Program Files (x86)\Skype\Phone\;C:\Program Files (x86)\NVIDIA Corporation\PhysX\Common;C:\Users\nilsb\Desktop;
USERNAME=nilsb
OS=Windows_NT
PROCESSOR_IDENTIFIER=AMD64 Family 21 Model 2 Stepping 0, AuthenticAMD



---------------  S Y S T E M  ---------------

OS: Windows 10.0 , 64 bit Build 10240 (10.0.10240.16384)

CPU:total 8 (8 cores per cpu, 1 threads per core) family 21 model 2 stepping 0, cmov, cx8, fxsr, mmx, sse, sse2, sse3, ssse3, sse4.1, sse4.2, popcnt, avx, aes, clmul, mmxext, 3dnowpref, lzcnt, sse4a, tsc, tscinvbit, tscinv, bmi1

Memory: 4k page, physical 16674268k(12178308k free), swap 17722844k(11831828k free)

vm_info: Java HotSpot(TM) Client VM (25.66-b18) for windows-x86 JRE (1.8.0_66-b18), built on Nov  9 2015 10:58:29 by "java_re" with MS VC++ 10.0 (VS2010)

time: Wed Jan 27 23:06:39 2016
elapsed time: 2 seconds (0d 0h 0m 2s)

