#
# A fatal error has been detected by the Java Runtime Environment:
#
#  EXCEPTION_ACCESS_VIOLATION (0xc0000005) at pc=0x650a696a, pid=11296, tid=8440
#
# JRE version: Java(TM) SE Runtime Environment (8.0_66-b18) (build 1.8.0_66-b18)
# Java VM: Java HotSpot(TM) Client VM (25.66-b18 mixed mode, sharing windows-x86 )
# Problematic frame:
# C  [gdx-bullet.dll+0x2696a]
#
# Failed to write core dump. Minidumps are not enabled by default on client versions of Windows
#
# If you would like to submit a bug report, please visit:
#   http://bugreport.java.com/bugreport/crash.jsp
# The crash happened outside the Java Virtual Machine in native code.
# See problematic frame for where to report the bug.
#

---------------  T H R E A D  ---------------

Current thread (0x0ce2fc00):  JavaThread "LWJGL Application" [_thread_in_native, id=8440, stack(0x0dd60000,0x0ddb0000)]

siginfo: ExceptionCode=0xc0000005, reading address 0x0f03deec

Registers:
EAX=0x0083c230, EBX=0x0f03de30, ECX=0x0f034040, EDX=0x0f034040
ESP=0x0ddaf2d0, EBP=0x0ddaf338, ESI=0x0f13cae0, EDI=0x0ce2fc00
EIP=0x650a696a, EFLAGS=0x00010212

Top of Stack: (sp=0x0ddaf2d0)
0x0ddaf2d0:   0f038d30 0f032938 0f034040 0ddaf2ec
0x0ddaf2e0:   779ac55c 00000000 0ddaf318 0f03a040
0x0ddaf2f0:   0000001c 0f038d30 0f034040 0ddaf35c
0x0ddaf300:   00000001 0ce2fc00 0f13cae0 0f034040
0x0ddaf310:   0f13cae0 6534d050 6534e5f4 0ddaf330
0x0ddaf320:   650a6a46 0ddaf2d0 0ddaf65c 772dd1d0
0x0ddaf330:   b985c272 0f034040 0ddaf414 6513ff9f
0x0ddaf340:   0f040438 0ce37670 5c6b5937 0ce376b0 

Instructions: (pc=0x650a696a)
0x650a694a:   00 08 22 37 65 85 d2 0f 8e ea 00 00 00 8b 45 c0
0x650a695a:   c7 45 b8 00 00 00 00 8b 40 10 8b 5d b8 8b 1c 98
0x650a696a:   8b 93 bc 00 00 00 89 5d b4 85 d2 89 55 bc 74 60
0x650a697a:   8b 45 c0 8b 48 44 8b 01 8b 40 24 c7 45 c8 01 00 


Register to memory mapping:

EAX=0x0083c230 is an unknown value
EBX=0x0f03de30 is an unknown value
ECX=0x0f034040 is an unknown value
EDX=0x0f034040 is an unknown value
ESP=0x0ddaf2d0 is pointing into the stack for thread: 0x0ce2fc00
EBP=0x0ddaf338 is pointing into the stack for thread: 0x0ce2fc00
ESI={method} {0x0f13cae4} 'delete_btDiscreteDynamicsWorld' '(J)V' in 'com/badlogic/gdx/physics/bullet/dynamics/DynamicsJNI'
EDI=0x0ce2fc00 is a thread


Stack: [0x0dd60000,0x0ddb0000],  sp=0x0ddaf2d0,  free space=316k
Native frames: (J=compiled Java code, j=interpreted, Vv=VM code, C=native code)
C  [gdx-bullet.dll+0x2696a]
C  [gdx-bullet.dll+0xbff9f]
j  com.badlogic.gdx.physics.bullet.dynamics.btDiscreteDynamicsWorld.delete()V+25
j  com.badlogic.gdx.physics.bullet.BulletBase.dispose()V+74
j  com.uos.mortaldestiny.world.Physics.dispose()V+48
j  com.uos.mortaldestiny.GameClass.dispose()V+53
j  com.badlogic.gdx.backends.lwjgl.LwjglApplication.mainLoop()V+822
j  com.badlogic.gdx.backends.lwjgl.LwjglApplication$1.run()V+27
v  ~StubRoutines::call_stub
V  [jvm.dll+0x158ba5]
V  [jvm.dll+0x21e12e]
V  [jvm.dll+0x158c3e]
V  [jvm.dll+0x158dc6]
V  [jvm.dll+0x158e37]
V  [jvm.dll+0xfd84f]
V  [jvm.dll+0x17c07c]
V  [jvm.dll+0x17c16a]
V  [jvm.dll+0x1c06f6]
C  [msvcr100.dll+0x5c556]
C  [msvcr100.dll+0x5c600]
C  [KERNEL32.DLL+0x13744]
C  [ntdll.dll+0x59cd4]
C  [ntdll.dll+0x59c9f]
C  0x00000000

Java frames: (J=compiled Java code, j=interpreted, Vv=VM code)
j  com.badlogic.gdx.physics.bullet.dynamics.DynamicsJNI.delete_btDiscreteDynamicsWorld(J)V+0
j  com.badlogic.gdx.physics.bullet.dynamics.btDiscreteDynamicsWorld.delete()V+25
j  com.badlogic.gdx.physics.bullet.BulletBase.dispose()V+74
j  com.uos.mortaldestiny.world.Physics.dispose()V+48
j  com.uos.mortaldestiny.GameClass.dispose()V+53
j  com.badlogic.gdx.backends.lwjgl.LwjglApplication.mainLoop()V+822
j  com.badlogic.gdx.backends.lwjgl.LwjglApplication$1.run()V+27
v  ~StubRoutines::call_stub

---------------  P R O C E S S  ---------------

Java Threads: ( => current thread )
  0x0d5ac000 JavaThread "LWJGL Timer" daemon [_thread_blocked, id=8628, stack(0x0f870000,0x0f8c0000)]
  0x0d6e2400 JavaThread "AsynchExecutor-Thread" daemon [_thread_blocked, id=12284, stack(0x0ef70000,0x0efc0000)]
  0x0218e000 JavaThread "DestroyJavaVM" [_thread_blocked, id=11856, stack(0x00790000,0x007e0000)]
=>0x0ce2fc00 JavaThread "LWJGL Application" [_thread_in_native, id=8440, stack(0x0dd60000,0x0ddb0000)]
  0x0cce5000 JavaThread "AWT-Windows" daemon [_thread_in_native, id=11340, stack(0x0d0b0000,0x0d100000)]
  0x0cce3800 JavaThread "Java2D Disposer" daemon [_thread_blocked, id=9424, stack(0x0cf90000,0x0cfe0000)]
  0x020c8800 JavaThread "Service Thread" daemon [_thread_blocked, id=7504, stack(0x0cb60000,0x0cbb0000)]
  0x0209c800 JavaThread "C1 CompilerThread0" daemon [_thread_blocked, id=12144, stack(0x0cad0000,0x0cb20000)]
  0x0209b800 JavaThread "Attach Listener" daemon [_thread_blocked, id=5584, stack(0x0ca40000,0x0ca90000)]
  0x0209ac00 JavaThread "Signal Dispatcher" daemon [_thread_blocked, id=6328, stack(0x0c9b0000,0x0ca00000)]
  0x0208d400 JavaThread "Finalizer" daemon [_thread_blocked, id=10820, stack(0x04380000,0x043d0000)]
  0x02088400 JavaThread "Reference Handler" daemon [_thread_blocked, id=11644, stack(0x042f0000,0x04340000)]

Other Threads:
  0x02084800 VMThread [stack: 0x04260000,0x042b0000] [id=12204]
  0x020d4800 WatcherThread [stack: 0x0cbf0000,0x0cc40000] [id=11404]

VM state:not at safepoint (normal execution)

VM Mutex/Monitor currently owned by a thread: None

Heap:
 def new generation   total 15360K, used 4504K [0x04400000, 0x054a0000, 0x06ea0000)
  eden space 13696K,  20% used [0x04400000, 0x046c61c0, 0x05160000)
  from space 1664K, 100% used [0x05160000, 0x05300000, 0x05300000)
  to   space 1664K,   0% used [0x05300000, 0x05300000, 0x054a0000)
 tenured generation   total 34176K, used 10573K [0x06ea0000, 0x09000000, 0x0c400000)
   the space 34176K,  30% used [0x06ea0000, 0x078f3540, 0x078f3600, 0x09000000)
 Metaspace       used 3747K, capacity 5695K, committed 5760K, reserved 6528K

Card table byte_map: [0x02190000,0x021e0000] byte_map_base: 0x0216e000

Polling page: 0x00800000

CodeCache: size=32768Kb used=1946Kb max_used=1946Kb free=30821Kb
 bounds [0x02220000, 0x02408000, 0x04220000]
 total_blobs=1317 nmethods=832 adapters=416
 compilation: enabled

Compilation events (10 events):
Event: 11.768 Thread 0x0209c800  833             com.uos.mortaldestiny.player.Player::getObjPos (8 bytes)
Event: 11.768 Thread 0x0209c800 nmethod 833 0x02405e88 code [0x02405fa0, 0x024060b8]
Event: 12.283 Thread 0x0209c800  834             java.lang.String::toString (2 bytes)
Event: 12.283 Thread 0x0209c800 nmethod 834 0x02406208 code [0x02406300, 0x02406380]
Event: 12.301 Thread 0x0209c800  835             com.badlogic.gdx.math.RandomXS128::nextLong (43 bytes)
Event: 12.301 Thread 0x0209c800 nmethod 835 0x024063c8 code [0x024064c0, 0x024065f0]
Event: 12.318 Thread 0x0209c800  836             com.badlogic.gdx.math.RandomXS128::nextInt (8 bytes)
Event: 12.318 Thread 0x0209c800 nmethod 836 0x02406648 code [0x02406740, 0x024067dc]
Event: 12.318 Thread 0x0209c800  837             com.badlogic.gdx.math.RandomXS128::nextLong (47 bytes)
Event: 12.318 Thread 0x0209c800 nmethod 837 0x02406848 code [0x02406960, 0x02406b08]

GC Heap History (10 events):
Event: 1.236 GC heap before
{Heap before GC invocations=1 (full 0):
 def new generation   total 15360K, used 15360K [0x04400000, 0x054a0000, 0x06ea0000)
  eden space 13696K, 100% used [0x04400000, 0x05160000, 0x05160000)
  from space 1664K, 100% used [0x05300000, 0x054a0000, 0x054a0000)
  to   space 1664K,   0% used [0x05160000, 0x05160000, 0x05300000)
 tenured generation   total 34176K, used 1087K [0x06ea0000, 0x09000000, 0x0c400000)
   the space 34176K,   3% used [0x06ea0000, 0x06faff68, 0x06fb0000, 0x09000000)
 Metaspace       used 3371K, capacity 5311K, committed 5376K, reserved 5504K
Event: 1.240 GC heap after
Heap after GC invocations=2 (full 0):
 def new generation   total 15360K, used 1372K [0x04400000, 0x054a0000, 0x06ea0000)
  eden space 13696K,   0% used [0x04400000, 0x04400000, 0x05160000)
  from space 1664K,  82% used [0x05160000, 0x052b7040, 0x05300000)
  to   space 1664K,   0% used [0x05300000, 0x05300000, 0x054a0000)
 tenured generation   total 34176K, used 2336K [0x06ea0000, 0x09000000, 0x0c400000)
   the space 34176K,   6% used [0x06ea0000, 0x070e8118, 0x070e8200, 0x09000000)
 Metaspace       used 3371K, capacity 5311K, committed 5376K, reserved 5504K
}
Event: 3.484 GC heap before
{Heap before GC invocations=2 (full 0):
 def new generation   total 15360K, used 15068K [0x04400000, 0x054a0000, 0x06ea0000)
  eden space 13696K, 100% used [0x04400000, 0x05160000, 0x05160000)
  from space 1664K,  82% used [0x05160000, 0x052b7040, 0x05300000)
  to   space 1664K,   0% used [0x05300000, 0x05300000, 0x054a0000)
 tenured generation   total 34176K, used 2336K [0x06ea0000, 0x09000000, 0x0c400000)
   the space 34176K,   6% used [0x06ea0000, 0x070e8118, 0x070e8200, 0x09000000)
 Metaspace       used 3742K, capacity 5695K, committed 5760K, reserved 6528K
Event: 3.488 GC heap after
Heap after GC invocations=3 (full 0):
 def new generation   total 15360K, used 1664K [0x04400000, 0x054a0000, 0x06ea0000)
  eden space 13696K,   0% used [0x04400000, 0x04400000, 0x05160000)
  from space 1664K, 100% used [0x05300000, 0x054a0000, 0x054a0000)
  to   space 1664K,   0% used [0x05160000, 0x05160000, 0x05300000)
 tenured generation   total 34176K, used 3768K [0x06ea0000, 0x09000000, 0x0c400000)
   the space 34176K,  11% used [0x06ea0000, 0x0724e0f8, 0x0724e200, 0x09000000)
 Metaspace       used 3742K, capacity 5695K, committed 5760K, reserved 6528K
}
Event: 6.251 GC heap before
{Heap before GC invocations=3 (full 0):
 def new generation   total 15360K, used 15360K [0x04400000, 0x054a0000, 0x06ea0000)
  eden space 13696K, 100% used [0x04400000, 0x05160000, 0x05160000)
  from space 1664K, 100% used [0x05300000, 0x054a0000, 0x054a0000)
  to   space 1664K,   0% used [0x05160000, 0x05160000, 0x05300000)
 tenured generation   total 34176K, used 3768K [0x06ea0000, 0x09000000, 0x0c400000)
   the space 34176K,  11% used [0x06ea0000, 0x0724e0f8, 0x0724e200, 0x09000000)
 Metaspace       used 3742K, capacity 5695K, committed 5760K, reserved 6528K
Event: 6.255 GC heap after
Heap after GC invocations=4 (full 0):
 def new generation   total 15360K, used 1663K [0x04400000, 0x054a0000, 0x06ea0000)
  eden space 13696K,   0% used [0x04400000, 0x04400000, 0x05160000)
  from space 1664K,  99% used [0x05160000, 0x052ffff8, 0x05300000)
  to   space 1664K,   0% used [0x05300000, 0x05300000, 0x054a0000)
 tenured generation   total 34176K, used 6059K [0x06ea0000, 0x09000000, 0x0c400000)
   the space 34176K,  17% used [0x06ea0000, 0x0748ac40, 0x0748ae00, 0x09000000)
 Metaspace       used 3742K, capacity 5695K, committed 5760K, reserved 6528K
}
Event: 9.050 GC heap before
{Heap before GC invocations=4 (full 0):
 def new generation   total 15360K, used 15359K [0x04400000, 0x054a0000, 0x06ea0000)
  eden space 13696K, 100% used [0x04400000, 0x05160000, 0x05160000)
  from space 1664K,  99% used [0x05160000, 0x052ffff8, 0x05300000)
  to   space 1664K,   0% used [0x05300000, 0x05300000, 0x054a0000)
 tenured generation   total 34176K, used 6059K [0x06ea0000, 0x09000000, 0x0c400000)
   the space 34176K,  17% used [0x06ea0000, 0x0748ac40, 0x0748ae00, 0x09000000)
 Metaspace       used 3742K, capacity 5695K, committed 5760K, reserved 6528K
Event: 9.055 GC heap after
Heap after GC invocations=5 (full 0):
 def new generation   total 15360K, used 1664K [0x04400000, 0x054a0000, 0x06ea0000)
  eden space 13696K,   0% used [0x04400000, 0x04400000, 0x05160000)
  from space 1664K, 100% used [0x05300000, 0x054a0000, 0x054a0000)
  to   space 1664K,   0% used [0x05160000, 0x05160000, 0x05300000)
 tenured generation   total 34176K, used 8298K [0x06ea0000, 0x09000000, 0x0c400000)
   the space 34176K,  24% used [0x06ea0000, 0x076ba8c0, 0x076baa00, 0x09000000)
 Metaspace       used 3742K, capacity 5695K, committed 5760K, reserved 6528K
}
Event: 11.800 GC heap before
{Heap before GC invocations=5 (full 0):
 def new generation   total 15360K, used 15360K [0x04400000, 0x054a0000, 0x06ea0000)
  eden space 13696K, 100% used [0x04400000, 0x05160000, 0x05160000)
  from space 1664K, 100% used [0x05300000, 0x054a0000, 0x054a0000)
  to   space 1664K,   0% used [0x05160000, 0x05160000, 0x05300000)
 tenured generation   total 34176K, used 8298K [0x06ea0000, 0x09000000, 0x0c400000)
   the space 34176K,  24% used [0x06ea0000, 0x076ba8c0, 0x076baa00, 0x09000000)
 Metaspace       used 3743K, capacity 5695K, committed 5760K, reserved 6528K
Event: 11.804 GC heap after
Heap after GC invocations=6 (full 0):
 def new generation   total 15360K, used 1664K [0x04400000, 0x054a0000, 0x06ea0000)
  eden space 13696K,   0% used [0x04400000, 0x04400000, 0x05160000)
  from space 1664K, 100% used [0x05160000, 0x05300000, 0x05300000)
  to   space 1664K,   0% used [0x05300000, 0x05300000, 0x054a0000)
 tenured generation   total 34176K, used 10573K [0x06ea0000, 0x09000000, 0x0c400000)
   the space 34176K,  30% used [0x06ea0000, 0x078f3540, 0x078f3600, 0x09000000)
 Metaspace       used 3743K, capacity 5695K, committed 5760K, reserved 6528K
}

Deoptimization events (0 events):
No events

Internal exceptions (10 events):
Event: 0.082 Thread 0x0218e000 Exception <a 'java/io/FileNotFoundException'> (0x044f8c28) thrown at [C:\re\workspace\8-2-build-windows-i586-cygwin\jdk8u66\5298\hotspot\src\share\vm\prims\jni.cpp, line 709]
Event: 0.111 Thread 0x0218e000 Exception <a 'java/lang/NoSuchFieldError': method resolution failed> (0x045f8130) thrown at [C:\re\workspace\8-2-build-windows-i586-cygwin\jdk8u66\5298\hotspot\src\share\vm\prims\methodHandles.cpp, line 1146]
Event: 0.113 Thread 0x0218e000 Exception <a 'java/lang/NoSuchFieldError': method resolution failed> (0x046042d0) thrown at [C:\re\workspace\8-2-build-windows-i586-cygwin\jdk8u66\5298\hotspot\src\share\vm\prims\methodHandles.cpp, line 1146]
Event: 0.243 Thread 0x0218e000 Exception <a 'java/security/PrivilegedActionException'> (0x049b46e0) thrown at [C:\re\workspace\8-2-build-windows-i586-cygwin\jdk8u66\5298\hotspot\src\share\vm\prims\jvm.cpp, line 1386]
Event: 0.243 Thread 0x0218e000 Exception <a 'java/security/PrivilegedActionException'> (0x049b60b8) thrown at [C:\re\workspace\8-2-build-windows-i586-cygwin\jdk8u66\5298\hotspot\src\share\vm\prims\jvm.cpp, line 1386]
Event: 0.243 Thread 0x0218e000 Exception <a 'java/security/PrivilegedActionException'> (0x049b70c8) thrown at [C:\re\workspace\8-2-build-windows-i586-cygwin\jdk8u66\5298\hotspot\src\share\vm\prims\jvm.cpp, line 1386]
Event: 0.243 Thread 0x0218e000 Exception <a 'java/security/PrivilegedActionException'> (0x049bbb88) thrown at [C:\re\workspace\8-2-build-windows-i586-cygwin\jdk8u66\5298\hotspot\src\share\vm\prims\jvm.cpp, line 1386]
Event: 0.243 Thread 0x0218e000 Exception <a 'java/security/PrivilegedActionException'> (0x049bc748) thrown at [C:\re\workspace\8-2-build-windows-i586-cygwin\jdk8u66\5298\hotspot\src\share\vm\prims\jvm.cpp, line 1386]
Event: 0.243 Thread 0x0218e000 Exception <a 'java/security/PrivilegedActionException'> (0x049bd2c8) thrown at [C:\re\workspace\8-2-build-windows-i586-cygwin\jdk8u66\5298\hotspot\src\share\vm\prims\jvm.cpp, line 1386]
Event: 2.620 Thread 0x0ce2fc00 Implicit null exception at 0x022f5943 to 0x022f59b5

Events (10 events):
Event: 6.251 Executing VM operation: GenCollectForAllocation
Event: 6.255 Executing VM operation: GenCollectForAllocation done
Event: 9.050 Executing VM operation: GenCollectForAllocation
Event: 9.055 Executing VM operation: GenCollectForAllocation done
Event: 11.800 Executing VM operation: GenCollectForAllocation
Event: 11.804 Executing VM operation: GenCollectForAllocation done
Event: 12.401 loading class com/badlogic/gdx/backends/lwjgl/LwjglApplication$2
Event: 12.401 loading class com/badlogic/gdx/backends/lwjgl/LwjglApplication$2 done
Event: 12.402 loading class com/badlogic/gdx/utils/ArrayMap$Values
Event: 12.402 loading class com/badlogic/gdx/utils/ArrayMap$Values done


Dynamic libraries:
0x00900000 - 0x00933000 	C:\Program Files (x86)\Java\jre1.8.0_66\bin\javaw.exe
0x77970000 - 0x77ae9000 	C:\WINDOWS\SYSTEM32\ntdll.dll
0x75570000 - 0x75660000 	C:\WINDOWS\SYSTEM32\KERNEL32.DLL
0x75390000 - 0x75506000 	C:\WINDOWS\SYSTEM32\KERNELBASE.dll
0x77780000 - 0x777fb000 	C:\WINDOWS\SYSTEM32\ADVAPI32.dll
0x77280000 - 0x7733e000 	C:\WINDOWS\SYSTEM32\msvcrt.dll
0x75280000 - 0x752c3000 	C:\WINDOWS\SYSTEM32\sechost.dll
0x749c0000 - 0x74a6c000 	C:\WINDOWS\SYSTEM32\RPCRT4.dll
0x749a0000 - 0x749be000 	C:\WINDOWS\SYSTEM32\SspiCli.dll
0x74990000 - 0x7499a000 	C:\WINDOWS\SYSTEM32\CRYPTBASE.dll
0x74930000 - 0x74989000 	C:\WINDOWS\SYSTEM32\bcryptPrimitives.dll
0x76e50000 - 0x76f90000 	C:\WINDOWS\SYSTEM32\USER32.dll
0x75660000 - 0x757ad000 	C:\WINDOWS\SYSTEM32\GDI32.dll
0x74530000 - 0x74739000 	C:\WINDOWS\WinSxS\x86_microsoft.windows.common-controls_6595b64144ccf1df_6.0.10240.16384_none_3bccb1ff6bcd1849\COMCTL32.dll
0x77750000 - 0x7777b000 	C:\WINDOWS\SYSTEM32\IMM32.DLL
0x76ce0000 - 0x76e00000 	C:\WINDOWS\SYSTEM32\MSCTF.dll
0x5be00000 - 0x5bebf000 	C:\Program Files (x86)\Java\jre1.8.0_66\bin\msvcr100.dll
0x5c580000 - 0x5c945000 	C:\Program Files (x86)\Java\jre1.8.0_66\bin\client\jvm.dll
0x75170000 - 0x75176000 	C:\WINDOWS\SYSTEM32\PSAPI.DLL
0x74500000 - 0x74524000 	C:\WINDOWS\SYSTEM32\WINMM.dll
0x74920000 - 0x74928000 	C:\WINDOWS\SYSTEM32\VERSION.dll
0x73400000 - 0x73408000 	C:\WINDOWS\SYSTEM32\WSOCK32.dll
0x778c0000 - 0x7791c000 	C:\WINDOWS\SYSTEM32\WS2_32.dll
0x00720000 - 0x00743000 	C:\WINDOWS\SYSTEM32\WINMMBASE.dll
0x77890000 - 0x77897000 	C:\WINDOWS\SYSTEM32\NSI.dll
0x76e00000 - 0x76e36000 	C:\WINDOWS\SYSTEM32\cfgmgr32.dll
0x744a0000 - 0x744c1000 	C:\WINDOWS\SYSTEM32\DEVOBJ.dll
0x5d0d0000 - 0x5d0dc000 	C:\Program Files (x86)\Java\jre1.8.0_66\bin\verify.dll
0x5c550000 - 0x5c571000 	C:\Program Files (x86)\Java\jre1.8.0_66\bin\java.dll
0x5c2f0000 - 0x5c303000 	C:\Program Files (x86)\Java\jre1.8.0_66\bin\zip.dll
0x757b0000 - 0x76b6e000 	C:\WINDOWS\SYSTEM32\SHELL32.dll
0x74c90000 - 0x7516c000 	C:\WINDOWS\SYSTEM32\windows.storage.dll
0x74a70000 - 0x74c2a000 	C:\WINDOWS\SYSTEM32\combase.dll
0x77920000 - 0x77964000 	C:\WINDOWS\SYSTEM32\shlwapi.dll
0x75560000 - 0x7556c000 	C:\WINDOWS\SYSTEM32\kernel.appcore.dll
0x77800000 - 0x7788d000 	C:\WINDOWS\SYSTEM32\shcore.dll
0x75510000 - 0x75554000 	C:\WINDOWS\SYSTEM32\powrprof.dll
0x751d0000 - 0x751df000 	C:\WINDOWS\SYSTEM32\profapi.dll
0x5ba40000 - 0x5bb85000 	C:\Program Files (x86)\Java\jre1.8.0_66\bin\awt.dll
0x77090000 - 0x77122000 	C:\WINDOWS\SYSTEM32\OLEAUT32.dll
0x72da0000 - 0x72e31000 	C:\WINDOWS\system32\apphelp.dll
0x73d00000 - 0x73d75000 	C:\WINDOWS\system32\uxtheme.dll
0x71e50000 - 0x71e91000 	C:\Program Files (x86)\TeamViewer\tv_w32.dll
0x77190000 - 0x7727a000 	C:\WINDOWS\SYSTEM32\ole32.dll
0x72f30000 - 0x72f4d000 	C:\WINDOWS\system32\dwmapi.dll
0x6cec0000 - 0x6cf33000 	C:\Users\nilsb\AppData\Local\Temp\libgdxnilsb\bd48096\gdx.dll
0x73f90000 - 0x73fa3000 	C:\WINDOWS\SYSTEM32\CRYPTSP.dll
0x74890000 - 0x748ab000 	C:\WINDOWS\SYSTEM32\bcrypt.dll
0x73e30000 - 0x73e5f000 	C:\WINDOWS\system32\rsaenh.dll
0x74750000 - 0x74769000 	C:\WINDOWS\SYSTEM32\USERENV.dll
0x5c2d0000 - 0x5c2e6000 	C:\Program Files (x86)\Java\jre1.8.0_66\bin\net.dll
0x74370000 - 0x743be000 	C:\WINDOWS\system32\mswsock.dll
0x74470000 - 0x744a0000 	C:\WINDOWS\SYSTEM32\IPHLPAPI.DLL
0x74360000 - 0x74368000 	C:\WINDOWS\SYSTEM32\WINNSI.DLL
0x73910000 - 0x73923000 	C:\WINDOWS\SYSTEM32\dhcpcsvc6.DLL
0x73930000 - 0x73944000 	C:\WINDOWS\SYSTEM32\dhcpcsvc.DLL
0x5c2c0000 - 0x5c2cf000 	C:\Program Files (x86)\Java\jre1.8.0_66\bin\nio.dll
0x10000000 - 0x1004f000 	C:\Users\nilsb\AppData\Local\Temp\libgdxnilsb\68069333\lwjgl.dll
0x6cfa0000 - 0x6d080000 	C:\WINDOWS\SYSTEM32\OPENGL32.dll
0x72e40000 - 0x72f2b000 	C:\WINDOWS\SYSTEM32\DDRAW.dll
0x732f0000 - 0x73315000 	C:\WINDOWS\SYSTEM32\GLU32.dll
0x72fc0000 - 0x72fc7000 	C:\WINDOWS\SYSTEM32\DCIMAN32.dll
0x0d900000 - 0x0d965000 	C:\Users\nilsb\AppData\Local\Temp\libgdxnilsb\68069333\OpenAL32.dll
0x751f0000 - 0x75272000 	C:\WINDOWS\SYSTEM32\clbcatq.dll
0x6f090000 - 0x6f0e4000 	C:\WINDOWS\System32\MMDevApi.dll
0x73ae0000 - 0x73c22000 	C:\WINDOWS\System32\PROPSYS.dll
0x6f000000 - 0x6f086000 	C:\WINDOWS\SYSTEM32\dsound.dll
0x6eee0000 - 0x6ef48000 	C:\WINDOWS\SYSTEM32\AUDIOSES.DLL
0x6ee10000 - 0x6eed5000 	C:\WINDOWS\SYSTEM32\wintypes.dll
0x5a250000 - 0x5ba3b000 	C:\WINDOWS\SYSTEM32\nvoglv32.DLL
0x77340000 - 0x774e5000 	C:\WINDOWS\SYSTEM32\SETUPAPI.dll
0x74770000 - 0x7477f000 	C:\WINDOWS\SYSTEM32\WTSAPI32.dll
0x69190000 - 0x692cf000 	C:\WINDOWS\SYSTEM32\dbghelp.dll
0x75180000 - 0x751c2000 	C:\WINDOWS\SYSTEM32\WINTRUST.dll
0x76e40000 - 0x76e4e000 	C:\WINDOWS\SYSTEM32\MSASN1.dll
0x774f0000 - 0x77665000 	C:\WINDOWS\SYSTEM32\CRYPT32.dll
0x74860000 - 0x74888000 	C:\WINDOWS\SYSTEM32\ntmarta.dll
0x73710000 - 0x73754000 	C:\WINDOWS\SYSTEM32\WINSTA.dll
0x66410000 - 0x6648f000 	C:\WINDOWS\SYSTEM32\mscms.dll
0x5bd70000 - 0x5bdad000 	C:\WINDOWS\SYSTEM32\icm32.dll
0x65080000 - 0x65491000 	C:\Users\nilsb\AppData\Local\Temp\libgdxnilsb\4dacbe1e\gdx-bullet.dll
0x6dd40000 - 0x6de40000 	C:\Users\nilsb\AppData\Local\Temp\libgdxnilsb\740d6003\gdx-controllers-desktop.dll
0x665b0000 - 0x665e6000 	C:\WINDOWS\SYSTEM32\dinput8.dll
0x73050000 - 0x7305a000 	C:\WINDOWS\SYSTEM32\HID.DLL
0x0f950000 - 0x0f9f1000 	C:\Program Files (x86)\ASUS\AI Suite II\Remote GO!\AssistTools\WiFiGO_HookKey.dll
0x0f820000 - 0x0f82e000 	C:\Program Files (x86)\ASUS\AI Suite II\TurboV EVO\HookKey32.dll

VM Arguments:
jvm_args: -Xms50M -Xmx128M -Dfile.encoding=Cp1252 
java_command: com.uos.mortaldestiny.desktop.DesktopLauncher
java_class_path (initial): C:\git\MortalDestiny\desktop\bin;C:\Users\nilsb\.gradle\caches\modules-2\files-2.1\com.badlogicgames.gdx\gdx-backend-lwjgl\1.8.0\83ec9ed2262d201b0c76183a92450286ca39bd63\gdx-backend-lwjgl-1.8.0.jar;C:\Users\nilsb\.gradle\caches\modules-2\files-2.1\com.badlogicgames.gdx\gdx-platform\1.8.0\96dac3baecfdf1e28ac6dbfe51f3cfcaf6f90785\gdx-platform-1.8.0-natives-desktop.jar;C:\Users\nilsb\.gradle\caches\modules-2\files-2.1\com.badlogicgames.gdx\gdx-box2d-platform\1.8.0\78d7e6f73ae42f74f4c91fa0d801e5d13bdbb948\gdx-box2d-platform-1.8.0-natives-desktop.jar;C:\Users\nilsb\.gradle\caches\modules-2\files-2.1\com.badlogicgames.gdx\gdx-tools\1.8.0\5725b366dff2167eae8cec1b4a1a2806fe7b5e27\gdx-tools-1.8.0.jar;C:\Users\nilsb\.gradle\caches\modules-2\files-2.1\com.badlogicgames.gdx\gdx-controllers-desktop\1.8.0\7f68c6c789ada7c67b1b7244123743e4e37be931\gdx-controllers-desktop-1.8.0.jar;C:\Users\nilsb\.gradle\caches\modules-2\files-2.1\com.badlogicgames.gdx\gdx-controllers-platform\1.8.0\f67537398b20867b3a49fedc6996b862a2c87ef7\gdx-controllers-platform-1.8.0-natives-desktop.jar;C:\Users\nilsb\.gradle\caches\modules-2\files-2.1\com.badlogicgames.gdx\gdx-bullet-platform\1.8.0\703309c89f68f06b2795742af36799091fcbe4a4\gdx-bullet-platform-1.8.0-natives-desktop.jar;C:\Users\nilsb\.gradle\caches\modules-2\files-2.1\com.badlogicgames.gdx\gdx\1.8.0\8aaf0d40f211e94051538d28b06996a6cc5ed2af\gdx-1.8.0.jar;C:\Users\nilsb\.gradle\caches\modules-2\files-2.1\com.badlogicgames.gdx\gdx-box2d\1.8.0\a87cfc0621180fd6976238366541d6211f9e18a4\gdx-box2d-1.8.0.jar;C:\Users\nilsb\.gradle\caches\modules-2\files-2.1\com.badlogicgames.box2dlights\box2dlights\1.4\3d77ad5b4164fb32fc67e2446e35911bb0aaf0bd\box2dlights-1.4.jar;C:\Users\nilsb\.gradle\caches\modules-2\files-2.1\com.badlogicgames.ashley\ashley\1.7.0\a7c4083c0a42027a3c03ba7ccecef6cbe1c5f0a4\ashley-1.7.0.jar;C:\Users\nilsb\.gradle\caches\modules-2\files-2.1\com.badlogicgames.gdx\gdx-ai\1.7.0\e74a876dbaabe28abe8160d677b0a67b61c7dfa
Launcher Type: SUN_STANDARD

Environment Variables:
PATH=C:/Program Files (x86)/Java/jre1.8.0_66/bin/client;C:/Program Files (x86)/Java/jre1.8.0_66/bin;C:/Program Files (x86)/Java/jre1.8.0_66/lib/i386;C:\ProgramData\Oracle\Java\javapath;C:\Program Files (x86)\AMD APP\bin\x86_64;C:\Program Files (x86)\AMD APP\bin\x86;C:\WINDOWS\system32;C:\WINDOWS;C:\WINDOWS\System32\Wbem;C:\WINDOWS\System32\WindowsPowerShell\v1.0\;C:\Program Files (x86)\ATI Technologies\ATI.ACE\Core-Static;C:\Program Files (x86)\Skype\Phone\;C:\Program Files (x86)\NVIDIA Corporation\PhysX\Common;C:\Users\nilsb\Desktop;
USERNAME=nilsb
OS=Windows_NT
PROCESSOR_IDENTIFIER=AMD64 Family 21 Model 2 Stepping 0, AuthenticAMD



---------------  S Y S T E M  ---------------

OS: Windows 10.0 , 64 bit Build 10240 (10.0.10240.16384)

CPU:total 8 (8 cores per cpu, 1 threads per core) family 21 model 2 stepping 0, cmov, cx8, fxsr, mmx, sse, sse2, sse3, ssse3, sse4.1, sse4.2, popcnt, avx, aes, clmul, mmxext, 3dnowpref, lzcnt, sse4a, tsc, tscinvbit, tscinv, bmi1

Memory: 4k page, physical 16674268k(11329452k free), swap 17722844k(11484708k free)

vm_info: Java HotSpot(TM) Client VM (25.66-b18) for windows-x86 JRE (1.8.0_66-b18), built on Nov  9 2015 10:58:29 by "java_re" with MS VC++ 10.0 (VS2010)

time: Sun Jan 31 01:29:50 2016
elapsed time: 12 seconds (0d 0h 0m 12s)

