#
# A fatal error has been detected by the Java Runtime Environment:
#
#  EXCEPTION_ACCESS_VIOLATION (0xc0000005) at pc=0x650a696a, pid=1080, tid=4428
#
# JRE version: Java(TM) SE Runtime Environment (8.0_66-b18) (build 1.8.0_66-b18)
# Java VM: Java HotSpot(TM) Client VM (25.66-b18 mixed mode, sharing windows-x86 )
# Problematic frame:
# C  [gdx-bullet.dll+0x2696a]
#
# Failed to write core dump. Minidumps are not enabled by default on client versions of Windows
#
# If you would like to submit a bug report, please visit:
#   http://bugreport.java.com/bugreport/crash.jsp
# The crash happened outside the Java Virtual Machine in native code.
# See problematic frame for where to report the bug.
#

---------------  T H R E A D  ---------------

Current thread (0x14cccc00):  JavaThread "LWJGL Application" [_thread_in_native, id=4428, stack(0x163f0000,0x16440000)]

siginfo: ExceptionCode=0xc0000005, reading address 0x1c8cea9c

Registers:
EAX=0x1c8e5840, EBX=0x1c8ce9e0, ECX=0x1c8a66b0, EDX=0x1c8a66b0
ESP=0x1643f2c0, EBP=0x1643f328, ESI=0x1c9b54d8, EDI=0x14cccc00
EIP=0x650a696a, EFLAGS=0x00010202

Top of Stack: (sp=0x1643f2c0)
0x1643f2c0:   1c8c2cf0 1c8a4fa8 1c8a66b0 1643f2dc
0x1643f2d0:   77d9c55c 00000000 1643f308 1c8c71f0
0x1643f2e0:   0000001b 1c8c2cf0 1c8a66b0 1643f34c
0x1643f2f0:   00000001 14cccc00 1c9b54d8 1c8a66b0
0x1643f300:   1c9b54d8 6534d050 6534e5f4 1643f320
0x1643f310:   650a6a46 1643f2c0 1643f64c 77cfd1d0
0x1643f320:   52e9f2e0 1c8a66b0 1643f404 6513ff9f
0x1643f330:   1c8e5010 1682c530 5cbd5937 1682c4b0 

Instructions: (pc=0x650a696a)
0x650a694a:   00 08 22 37 65 85 d2 0f 8e ea 00 00 00 8b 45 c0
0x650a695a:   c7 45 b8 00 00 00 00 8b 40 10 8b 5d b8 8b 1c 98
0x650a696a:   8b 93 bc 00 00 00 89 5d b4 85 d2 89 55 bc 74 60
0x650a697a:   8b 45 c0 8b 48 44 8b 01 8b 40 24 c7 45 c8 01 00 


Register to memory mapping:

EAX=0x1c8e5840 is an unknown value
EBX=0x1c8ce9e0 is an unknown value
ECX=0x1c8a66b0 is an unknown value
EDX=0x1c8a66b0 is an unknown value
ESP=0x1643f2c0 is pointing into the stack for thread: 0x14cccc00
EBP=0x1643f328 is pointing into the stack for thread: 0x14cccc00
ESI={method} {0x1c9b54dc} 'delete_btDiscreteDynamicsWorld' '(J)V' in 'com/badlogic/gdx/physics/bullet/dynamics/DynamicsJNI'
EDI=0x14cccc00 is a thread


Stack: [0x163f0000,0x16440000],  sp=0x1643f2c0,  free space=316k
Native frames: (J=compiled Java code, j=interpreted, Vv=VM code, C=native code)
C  [gdx-bullet.dll+0x2696a]
C  [gdx-bullet.dll+0xbff9f]
j  com.badlogic.gdx.physics.bullet.dynamics.btDiscreteDynamicsWorld.delete()V+25
j  com.badlogic.gdx.physics.bullet.BulletBase.dispose()V+74
j  com.uos.mortaldestiny.Physics.dispose()V+48
j  com.uos.mortaldestiny.GameClass.dispose()V+53
j  com.badlogic.gdx.backends.lwjgl.LwjglApplication.mainLoop()V+822
j  com.badlogic.gdx.backends.lwjgl.LwjglApplication$1.run()V+27
v  ~StubRoutines::call_stub
V  [jvm.dll+0x158ba5]
V  [jvm.dll+0x21e12e]
V  [jvm.dll+0x158c3e]
V  [jvm.dll+0x158dc6]
V  [jvm.dll+0x158e37]
V  [jvm.dll+0xfd84f]
V  [jvm.dll+0x17c07c]
V  [jvm.dll+0x17c16a]
V  [jvm.dll+0x1c06f6]
C  [msvcr100.dll+0x5c556]
C  [msvcr100.dll+0x5c600]
C  [KERNEL32.DLL+0x13744]
C  [ntdll.dll+0x59cd4]
C  [ntdll.dll+0x59c9f]
C  0x00000000

Java frames: (J=compiled Java code, j=interpreted, Vv=VM code)
j  com.badlogic.gdx.physics.bullet.dynamics.DynamicsJNI.delete_btDiscreteDynamicsWorld(J)V+0
j  com.badlogic.gdx.physics.bullet.dynamics.btDiscreteDynamicsWorld.delete()V+25
j  com.badlogic.gdx.physics.bullet.BulletBase.dispose()V+74
j  com.uos.mortaldestiny.Physics.dispose()V+48
j  com.uos.mortaldestiny.GameClass.dispose()V+53
j  com.badlogic.gdx.backends.lwjgl.LwjglApplication.mainLoop()V+822
j  com.badlogic.gdx.backends.lwjgl.LwjglApplication$1.run()V+27
v  ~StubRoutines::call_stub

---------------  P R O C E S S  ---------------

Java Threads: ( => current thread )
  0x168f7c00 JavaThread "LWJGL Timer" daemon [_thread_blocked, id=8652, stack(0x1cf30000,0x1cf80000)]
  0x169d1c00 JavaThread "AsynchExecutor-Thread" daemon [_thread_blocked, id=5956, stack(0x1c7e0000,0x1c830000)]
  0x0202e000 JavaThread "DestroyJavaVM" [_thread_blocked, id=7860, stack(0x01da0000,0x01df0000)]
=>0x14cccc00 JavaThread "LWJGL Application" [_thread_in_native, id=4428, stack(0x163f0000,0x16440000)]
  0x14b75c00 JavaThread "AWT-Windows" daemon [_thread_in_native, id=1280, stack(0x15510000,0x15560000)]
  0x14b74800 JavaThread "Java2D Disposer" daemon [_thread_blocked, id=7484, stack(0x153f0000,0x15440000)]
  0x01e9cc00 JavaThread "Service Thread" daemon [_thread_blocked, id=5192, stack(0x149f0000,0x14a40000)]
  0x01e7a400 JavaThread "C1 CompilerThread0" daemon [_thread_blocked, id=10752, stack(0x14960000,0x149b0000)]
  0x01e79400 JavaThread "Attach Listener" daemon [_thread_blocked, id=6448, stack(0x148d0000,0x14920000)]
  0x01e78800 JavaThread "Signal Dispatcher" daemon [_thread_blocked, id=2028, stack(0x14840000,0x14890000)]
  0x01e6d400 JavaThread "Finalizer" daemon [_thread_blocked, id=6120, stack(0x146a0000,0x146f0000)]
  0x01e68400 JavaThread "Reference Handler" daemon [_thread_blocked, id=9984, stack(0x04190000,0x041e0000)]

Other Threads:
  0x01e64800 VMThread [stack: 0x04100000,0x04150000] [id=3844]
  0x01eb1c00 WatcherThread [stack: 0x14a80000,0x14ad0000] [id=7480]

VM state:not at safepoint (normal execution)

VM Mutex/Monitor currently owned by a thread: None

Heap:
 def new generation   total 4928K, used 3646K [0x04200000, 0x04750000, 0x09750000)
  eden space 4416K,  70% used [0x04200000, 0x0450f8e8, 0x04650000)
  from space 512K, 100% used [0x04650000, 0x046d0000, 0x046d0000)
  to   space 512K,   0% used [0x046d0000, 0x046d0000, 0x04750000)
 tenured generation   total 10944K, used 2742K [0x09750000, 0x0a200000, 0x14200000)
   the space 10944K,  25% used [0x09750000, 0x099fd870, 0x099fda00, 0x0a200000)
 Metaspace       used 3711K, capacity 5663K, committed 5760K, reserved 6528K

Card table byte_map: [0x04030000,0x040c0000] byte_map_base: 0x0400f000

Polling page: 0x00470000

CodeCache: size=32768Kb used=1735Kb max_used=1735Kb free=31032Kb
 bounds [0x02030000, 0x021e8000, 0x04030000]
 total_blobs=1202 nmethods=717 adapters=416
 compilation: enabled

Compilation events (10 events):
Event: 10.051 Thread 0x01e7a400  717             com.badlogic.gdx.math.Quaternion::len2 (40 bytes)
Event: 10.051 Thread 0x01e7a400 nmethod 717 0x021e0a88 code [0x021e0b80, 0x021e0c40]
Event: 10.051 Thread 0x01e7a400  718             com.badlogic.gdx.math.MathUtils::isEqual (18 bytes)
Event: 10.051 Thread 0x01e7a400 nmethod 718 0x021e0c88 code [0x021e0d90, 0x021e0e50]
Event: 10.269 Thread 0x01e7a400  719             java.lang.Class::searchFields (41 bytes)
Event: 10.270 Thread 0x01e7a400 nmethod 719 0x021e0e88 code [0x021e0fc0, 0x021e11a4]
Event: 10.340 Thread 0x01e7a400  720             java.util.ArrayList::clear (39 bytes)
Event: 10.340 Thread 0x01e7a400 nmethod 720 0x021e1448 code [0x021e1540, 0x021e1610]
Event: 10.866 Thread 0x01e7a400  721             java.nio.HeapByteBuffer::put (167 bytes)
Event: 10.866 Thread 0x01e7a400 nmethod 721 0x021e16c8 code [0x021e1850, 0x021e1c08]

GC Heap History (10 events):
Event: 0.557 GC heap before
{Heap before GC invocations=1 (full 0):
 def new generation   total 4928K, used 4928K [0x04200000, 0x04750000, 0x09750000)
  eden space 4416K, 100% used [0x04200000, 0x04650000, 0x04650000)
  from space 512K, 100% used [0x046d0000, 0x04750000, 0x04750000)
  to   space 512K,   0% used [0x04650000, 0x04650000, 0x046d0000)
 tenured generation   total 10944K, used 564K [0x09750000, 0x0a200000, 0x14200000)
   the space 10944K,   5% used [0x09750000, 0x097dd2d8, 0x097dd400, 0x0a200000)
 Metaspace       used 1474K, capacity 3519K, committed 3520K, reserved 4480K
Event: 0.561 GC heap after
Heap after GC invocations=2 (full 0):
 def new generation   total 4928K, used 512K [0x04200000, 0x04750000, 0x09750000)
  eden space 4416K,   0% used [0x04200000, 0x04200000, 0x04650000)
  from space 512K, 100% used [0x04650000, 0x046d0000, 0x046d0000)
  to   space 512K,   0% used [0x046d0000, 0x046d0000, 0x04750000)
 tenured generation   total 10944K, used 1448K [0x09750000, 0x0a200000, 0x14200000)
   the space 10944K,  13% used [0x09750000, 0x098ba1a0, 0x098ba200, 0x0a200000)
 Metaspace       used 1474K, capacity 3519K, committed 3520K, reserved 4480K
}
Event: 0.752 GC heap before
{Heap before GC invocations=2 (full 0):
 def new generation   total 4928K, used 3998K [0x04200000, 0x04750000, 0x09750000)
  eden space 4416K,  78% used [0x04200000, 0x04567830, 0x04650000)
  from space 512K, 100% used [0x04650000, 0x046d0000, 0x046d0000)
  to   space 512K,   0% used [0x046d0000, 0x046d0000, 0x04750000)
 tenured generation   total 10944K, used 1448K [0x09750000, 0x0a200000, 0x14200000)
   the space 10944K,  13% used [0x09750000, 0x098ba1a0, 0x098ba200, 0x0a200000)
 Metaspace       used 2035K, capacity 3999K, committed 4032K, reserved 4480K
Event: 0.754 GC heap after
Heap after GC invocations=3 (full 0):
 def new generation   total 4928K, used 512K [0x04200000, 0x04750000, 0x09750000)
  eden space 4416K,   0% used [0x04200000, 0x04200000, 0x04650000)
  from space 512K, 100% used [0x046d0000, 0x04750000, 0x04750000)
  to   space 512K,   0% used [0x04650000, 0x04650000, 0x046d0000)
 tenured generation   total 10944K, used 2103K [0x09750000, 0x0a200000, 0x14200000)
   the space 10944K,  19% used [0x09750000, 0x0995dc28, 0x0995de00, 0x0a200000)
 Metaspace       used 2035K, capacity 3999K, committed 4032K, reserved 4480K
}
Event: 0.881 GC heap before
{Heap before GC invocations=3 (full 0):
 def new generation   total 4928K, used 4928K [0x04200000, 0x04750000, 0x09750000)
  eden space 4416K, 100% used [0x04200000, 0x04650000, 0x04650000)
  from space 512K, 100% used [0x046d0000, 0x04750000, 0x04750000)
  to   space 512K,   0% used [0x04650000, 0x04650000, 0x046d0000)
 tenured generation   total 10944K, used 2103K [0x09750000, 0x0a200000, 0x14200000)
   the space 10944K,  19% used [0x09750000, 0x0995dc28, 0x0995de00, 0x0a200000)
 Metaspace       used 2209K, capacity 4159K, committed 4160K, reserved 4480K
Event: 0.882 GC heap after
Heap after GC invocations=4 (full 0):
 def new generation   total 4928K, used 454K [0x04200000, 0x04750000, 0x09750000)
  eden space 4416K,   0% used [0x04200000, 0x04200000, 0x04650000)
  from space 512K,  88% used [0x04650000, 0x046c1a50, 0x046d0000)
  to   space 512K,   0% used [0x046d0000, 0x046d0000, 0x04750000)
 tenured generation   total 10944K, used 2321K [0x09750000, 0x0a200000, 0x14200000)
   the space 10944K,  21% used [0x09750000, 0x09994668, 0x09994800, 0x0a200000)
 Metaspace       used 2209K, capacity 4159K, committed 4160K, reserved 4480K
}
Event: 1.021 GC heap before
{Heap before GC invocations=4 (full 0):
 def new generation   total 4928K, used 4870K [0x04200000, 0x04750000, 0x09750000)
  eden space 4416K, 100% used [0x04200000, 0x04650000, 0x04650000)
  from space 512K,  88% used [0x04650000, 0x046c1a50, 0x046d0000)
  to   space 512K,   0% used [0x046d0000, 0x046d0000, 0x04750000)
 tenured generation   total 10944K, used 2321K [0x09750000, 0x0a200000, 0x14200000)
   the space 10944K,  21% used [0x09750000, 0x09994668, 0x09994800, 0x0a200000)
 Metaspace       used 2537K, capacity 4479K, committed 4480K, reserved 4480K
Event: 1.022 GC heap after
Heap after GC invocations=5 (full 0):
 def new generation   total 4928K, used 479K [0x04200000, 0x04750000, 0x09750000)
  eden space 4416K,   0% used [0x04200000, 0x04200000, 0x04650000)
  from space 512K,  93% used [0x046d0000, 0x04747fa0, 0x04750000)
  to   space 512K,   0% used [0x04650000, 0x04650000, 0x046d0000)
 tenured generation   total 10944K, used 2370K [0x09750000, 0x0a200000, 0x14200000)
   the space 10944K,  21% used [0x09750000, 0x099a0900, 0x099a0a00, 0x0a200000)
 Metaspace       used 2537K, capacity 4479K, committed 4480K, reserved 4480K
}
Event: 1.230 GC heap before
{Heap before GC invocations=5 (full 0):
 def new generation   total 4928K, used 4895K [0x04200000, 0x04750000, 0x09750000)
  eden space 4416K, 100% used [0x04200000, 0x04650000, 0x04650000)
  from space 512K,  93% used [0x046d0000, 0x04747fa0, 0x04750000)
  to   space 512K,   0% used [0x04650000, 0x04650000, 0x046d0000)
 tenured generation   total 10944K, used 2370K [0x09750000, 0x0a200000, 0x14200000)
   the space 10944K,  21% used [0x09750000, 0x099a0900, 0x099a0a00, 0x0a200000)
 Metaspace       used 3500K, capacity 5439K, committed 5504K, reserved 5504K
Event: 1.231 GC heap after
Heap after GC invocations=6 (full 0):
 def new generation   total 4928K, used 512K [0x04200000, 0x04750000, 0x09750000)
  eden space 4416K,   0% used [0x04200000, 0x04200000, 0x04650000)
  from space 512K, 100% used [0x04650000, 0x046d0000, 0x046d0000)
  to   space 512K,   0% used [0x046d0000, 0x046d0000, 0x04750000)
 tenured generation   total 10944K, used 2742K [0x09750000, 0x0a200000, 0x14200000)
   the space 10944K,  25% used [0x09750000, 0x099fd870, 0x099fda00, 0x0a200000)
 Metaspace       used 3500K, capacity 5439K, committed 5504K, reserved 5504K
}

Deoptimization events (0 events):
No events

Internal exceptions (10 events):
Event: 0.078 Thread 0x0202e000 Exception <a 'java/io/FileNotFoundException'> (0x042e0a90) thrown at [C:\re\workspace\8-2-build-windows-i586-cygwin\jdk8u66\5298\hotspot\src\share\vm\prims\jni.cpp, line 709]
Event: 0.105 Thread 0x0202e000 Exception <a 'java/lang/NoSuchFieldError': method resolution failed> (0x0439bd18) thrown at [C:\re\workspace\8-2-build-windows-i586-cygwin\jdk8u66\5298\hotspot\src\share\vm\prims\methodHandles.cpp, line 1146]
Event: 0.106 Thread 0x0202e000 Exception <a 'java/lang/NoSuchFieldError': method resolution failed> (0x043a8018) thrown at [C:\re\workspace\8-2-build-windows-i586-cygwin\jdk8u66\5298\hotspot\src\share\vm\prims\methodHandles.cpp, line 1146]
Event: 0.248 Thread 0x0202e000 Exception <a 'java/security/PrivilegedActionException'> (0x042f46a8) thrown at [C:\re\workspace\8-2-build-windows-i586-cygwin\jdk8u66\5298\hotspot\src\share\vm\prims\jvm.cpp, line 1386]
Event: 0.248 Thread 0x0202e000 Exception <a 'java/security/PrivilegedActionException'> (0x042f6080) thrown at [C:\re\workspace\8-2-build-windows-i586-cygwin\jdk8u66\5298\hotspot\src\share\vm\prims\jvm.cpp, line 1386]
Event: 0.248 Thread 0x0202e000 Exception <a 'java/security/PrivilegedActionException'> (0x042f7090) thrown at [C:\re\workspace\8-2-build-windows-i586-cygwin\jdk8u66\5298\hotspot\src\share\vm\prims\jvm.cpp, line 1386]
Event: 0.248 Thread 0x0202e000 Exception <a 'java/security/PrivilegedActionException'> (0x042fbb50) thrown at [C:\re\workspace\8-2-build-windows-i586-cygwin\jdk8u66\5298\hotspot\src\share\vm\prims\jvm.cpp, line 1386]
Event: 0.248 Thread 0x0202e000 Exception <a 'java/security/PrivilegedActionException'> (0x042fc710) thrown at [C:\re\workspace\8-2-build-windows-i586-cygwin\jdk8u66\5298\hotspot\src\share\vm\prims\jvm.cpp, line 1386]
Event: 0.249 Thread 0x0202e000 Exception <a 'java/security/PrivilegedActionException'> (0x042fd290) thrown at [C:\re\workspace\8-2-build-windows-i586-cygwin\jdk8u66\5298\hotspot\src\share\vm\prims\jvm.cpp, line 1386]
Event: 7.529 Thread 0x14cccc00 Implicit null exception at 0x021cd783 to 0x021cd7f5

Events (10 events):
Event: 4.102 Executing VM operation: EnableBiasedLocking done
Event: 4.195 Thread 0x01e7a400 flushing nmethod 0x0213a088
Event: 5.774 loading class com/badlogic/gdx/graphics/g3d/shaders/DefaultShader$Setters$Bones
Event: 5.774 loading class com/badlogic/gdx/graphics/g3d/shaders/DefaultShader$Setters$Bones done
Event: 7.529 Thread 0x14cccc00 DEOPT PACKING pc=0x021cd7fa sp=0x1643f410
Event: 7.529 Thread 0x14cccc00 DEOPT UNPACKING pc=0x0206c5db sp=0x1643f2a8 mode 3
Event: 10.979 loading class com/badlogic/gdx/backends/lwjgl/LwjglApplication$2
Event: 10.979 loading class com/badlogic/gdx/backends/lwjgl/LwjglApplication$2 done
Event: 10.980 loading class com/badlogic/gdx/utils/ArrayMap$Values
Event: 10.980 loading class com/badlogic/gdx/utils/ArrayMap$Values done


Dynamic libraries:
0x003a0000 - 0x003d3000 	C:\Program Files (x86)\Java\jre1.8.0_66\bin\javaw.exe
0x77d60000 - 0x77ed9000 	C:\WINDOWS\SYSTEM32\ntdll.dll
0x74e90000 - 0x74f80000 	C:\WINDOWS\SYSTEM32\KERNEL32.DLL
0x753b0000 - 0x75526000 	C:\WINDOWS\SYSTEM32\KERNELBASE.dll
0x77540000 - 0x775bb000 	C:\WINDOWS\SYSTEM32\ADVAPI32.dll
0x77ca0000 - 0x77d5e000 	C:\WINDOWS\SYSTEM32\msvcrt.dll
0x750d0000 - 0x75113000 	C:\WINDOWS\SYSTEM32\sechost.dll
0x758b0000 - 0x7595c000 	C:\WINDOWS\SYSTEM32\RPCRT4.dll
0x74e70000 - 0x74e8e000 	C:\WINDOWS\SYSTEM32\SspiCli.dll
0x74e60000 - 0x74e6a000 	C:\WINDOWS\SYSTEM32\CRYPTBASE.dll
0x74e00000 - 0x74e59000 	C:\WINDOWS\SYSTEM32\bcryptPrimitives.dll
0x77940000 - 0x77a80000 	C:\WINDOWS\SYSTEM32\USER32.dll
0x74f80000 - 0x750cd000 	C:\WINDOWS\SYSTEM32\GDI32.dll
0x74a10000 - 0x74c19000 	C:\WINDOWS\WinSxS\x86_microsoft.windows.common-controls_6595b64144ccf1df_6.0.10240.16384_none_3bccb1ff6bcd1849\COMCTL32.dll
0x75120000 - 0x7514b000 	C:\WINDOWS\SYSTEM32\IMM32.DLL
0x75a50000 - 0x75b70000 	C:\WINDOWS\SYSTEM32\MSCTF.dll
0x5c670000 - 0x5c72f000 	C:\Program Files (x86)\Java\jre1.8.0_66\bin\msvcr100.dll
0x5caa0000 - 0x5ce65000 	C:\Program Files (x86)\Java\jre1.8.0_66\bin\client\jvm.dll
0x75530000 - 0x75536000 	C:\WINDOWS\SYSTEM32\PSAPI.DLL
0x67a00000 - 0x67a08000 	C:\WINDOWS\SYSTEM32\WSOCK32.dll
0x74df0000 - 0x74df8000 	C:\WINDOWS\SYSTEM32\VERSION.dll
0x749d0000 - 0x749f4000 	C:\WINDOWS\SYSTEM32\WINMM.dll
0x77770000 - 0x777cc000 	C:\WINDOWS\SYSTEM32\WS2_32.dll
0x76ff0000 - 0x76ff7000 	C:\WINDOWS\SYSTEM32\NSI.dll
0x00510000 - 0x00533000 	C:\WINDOWS\SYSTEM32\WINMMBASE.dll
0x775c0000 - 0x775f6000 	C:\WINDOWS\SYSTEM32\cfgmgr32.dll
0x74970000 - 0x74991000 	C:\WINDOWS\SYSTEM32\DEVOBJ.dll
0x5c9d0000 - 0x5c9dc000 	C:\Program Files (x86)\Java\jre1.8.0_66\bin\verify.dll
0x5c9a0000 - 0x5c9c1000 	C:\Program Files (x86)\Java\jre1.8.0_66\bin\java.dll
0x5c980000 - 0x5c993000 	C:\Program Files (x86)\Java\jre1.8.0_66\bin\zip.dll
0x75bc0000 - 0x76f7e000 	C:\WINDOWS\SYSTEM32\SHELL32.dll
0x77060000 - 0x7753c000 	C:\WINDOWS\SYSTEM32\windows.storage.dll
0x77a80000 - 0x77c3a000 	C:\WINDOWS\SYSTEM32\combase.dll
0x75360000 - 0x753a4000 	C:\WINDOWS\SYSTEM32\shlwapi.dll
0x75820000 - 0x7582c000 	C:\WINDOWS\SYSTEM32\kernel.appcore.dll
0x75540000 - 0x755cd000 	C:\WINDOWS\SYSTEM32\shcore.dll
0x76f80000 - 0x76fc4000 	C:\WINDOWS\SYSTEM32\powrprof.dll
0x77600000 - 0x7760f000 	C:\WINDOWS\SYSTEM32\profapi.dll
0x6c520000 - 0x6c665000 	C:\Program Files (x86)\Java\jre1.8.0_66\bin\awt.dll
0x755d0000 - 0x75662000 	C:\WINDOWS\SYSTEM32\OLEAUT32.dll
0x73270000 - 0x73301000 	C:\WINDOWS\system32\apphelp.dll
0x741d0000 - 0x74245000 	C:\WINDOWS\system32\uxtheme.dll
0x72640000 - 0x72681000 	C:\Program Files (x86)\TeamViewer\tv_w32.dll
0x75960000 - 0x75a4a000 	C:\WINDOWS\SYSTEM32\ole32.dll
0x73800000 - 0x7381d000 	C:\WINDOWS\system32\dwmapi.dll
0x6cec0000 - 0x6cf33000 	C:\Users\nilsb\AppData\Local\Temp\libgdxnilsb\bd48096\gdx.dll
0x74480000 - 0x74493000 	C:\WINDOWS\SYSTEM32\CRYPTSP.dll
0x74d60000 - 0x74d7b000 	C:\WINDOWS\SYSTEM32\bcrypt.dll
0x74320000 - 0x7434f000 	C:\WINDOWS\system32\rsaenh.dll
0x74c30000 - 0x74c49000 	C:\WINDOWS\SYSTEM32\USERENV.dll
0x5c960000 - 0x5c976000 	C:\Program Files (x86)\Java\jre1.8.0_66\bin\net.dll
0x74830000 - 0x7487e000 	C:\WINDOWS\system32\mswsock.dll
0x74940000 - 0x74970000 	C:\WINDOWS\SYSTEM32\IPHLPAPI.DLL
0x74880000 - 0x74888000 	C:\WINDOWS\SYSTEM32\WINNSI.DLL
0x73de0000 - 0x73df3000 	C:\WINDOWS\SYSTEM32\dhcpcsvc6.DLL
0x73e00000 - 0x73e14000 	C:\WINDOWS\SYSTEM32\dhcpcsvc.DLL
0x5c950000 - 0x5c95f000 	C:\Program Files (x86)\Java\jre1.8.0_66\bin\nio.dll
0x15650000 - 0x1569f000 	C:\Users\nilsb\AppData\Local\Temp\libgdxnilsb\68069333\lwjgl.dll
0x67a40000 - 0x67b20000 	C:\WINDOWS\SYSTEM32\OPENGL32.dll
0x67a10000 - 0x67a35000 	C:\WINDOWS\SYSTEM32\GLU32.dll
0x72e90000 - 0x72f7b000 	C:\WINDOWS\SYSTEM32\DDRAW.dll
0x737f0000 - 0x737f7000 	C:\WINDOWS\SYSTEM32\DCIMAN32.dll
0x156a0000 - 0x15705000 	C:\Users\nilsb\AppData\Local\Temp\libgdxnilsb\68069333\OpenAL32.dll
0x75150000 - 0x751d2000 	C:\WINDOWS\SYSTEM32\clbcatq.dll
0x6fac0000 - 0x6fb14000 	C:\WINDOWS\System32\MMDevApi.dll
0x73fb0000 - 0x740f2000 	C:\WINDOWS\System32\PROPSYS.dll
0x6fa30000 - 0x6fab6000 	C:\WINDOWS\SYSTEM32\dsound.dll
0x6f960000 - 0x6f9c8000 	C:\WINDOWS\SYSTEM32\AUDIOSES.DLL
0x6f7f0000 - 0x6f8b5000 	C:\WINDOWS\SYSTEM32\wintypes.dll
0x68a00000 - 0x6a1eb000 	C:\WINDOWS\SYSTEM32\nvoglv32.DLL
0x75670000 - 0x75815000 	C:\WINDOWS\SYSTEM32\SETUPAPI.dll
0x74c20000 - 0x74c2f000 	C:\WINDOWS\SYSTEM32\WTSAPI32.dll
0x6bb80000 - 0x6bcbf000 	C:\WINDOWS\SYSTEM32\dbghelp.dll
0x75b70000 - 0x75bb2000 	C:\WINDOWS\SYSTEM32\WINTRUST.dll
0x76fd0000 - 0x76fde000 	C:\WINDOWS\SYSTEM32\MSASN1.dll
0x751e0000 - 0x75355000 	C:\WINDOWS\SYSTEM32\CRYPT32.dll
0x74d30000 - 0x74d58000 	C:\WINDOWS\SYSTEM32\ntmarta.dll
0x73be0000 - 0x73c24000 	C:\WINDOWS\SYSTEM32\WINSTA.dll
0x6bfb0000 - 0x6c02f000 	C:\WINDOWS\SYSTEM32\mscms.dll
0x50070000 - 0x500ad000 	C:\WINDOWS\SYSTEM32\icm32.dll
0x65080000 - 0x65491000 	C:\Users\nilsb\AppData\Local\Temp\libgdxnilsb\4dacbe1e\gdx-bullet.dll
0x6dd40000 - 0x6de40000 	C:\Users\nilsb\AppData\Local\Temp\libgdxnilsb\740d6003\gdx-controllers-desktop.dll
0x6c150000 - 0x6c186000 	C:\WINDOWS\SYSTEM32\dinput8.dll
0x67830000 - 0x6783a000 	C:\WINDOWS\SYSTEM32\HID.DLL

VM Arguments:
jvm_args: -Dfile.encoding=Cp1252 
java_command: com.uos.mortaldestiny.desktop.DesktopLauncher
java_class_path (initial): C:\git\MortalDestiny\desktop\bin;C:\Users\nilsb\.gradle\caches\modules-2\files-2.1\com.badlogicgames.gdx\gdx-backend-lwjgl\1.8.0\83ec9ed2262d201b0c76183a92450286ca39bd63\gdx-backend-lwjgl-1.8.0.jar;C:\Users\nilsb\.gradle\caches\modules-2\files-2.1\com.badlogicgames.gdx\gdx-platform\1.8.0\96dac3baecfdf1e28ac6dbfe51f3cfcaf6f90785\gdx-platform-1.8.0-natives-desktop.jar;C:\Users\nilsb\.gradle\caches\modules-2\files-2.1\com.badlogicgames.gdx\gdx-box2d-platform\1.8.0\78d7e6f73ae42f74f4c91fa0d801e5d13bdbb948\gdx-box2d-platform-1.8.0-natives-desktop.jar;C:\Users\nilsb\.gradle\caches\modules-2\files-2.1\com.badlogicgames.gdx\gdx-tools\1.8.0\5725b366dff2167eae8cec1b4a1a2806fe7b5e27\gdx-tools-1.8.0.jar;C:\Users\nilsb\.gradle\caches\modules-2\files-2.1\com.badlogicgames.gdx\gdx-controllers-desktop\1.8.0\7f68c6c789ada7c67b1b7244123743e4e37be931\gdx-controllers-desktop-1.8.0.jar;C:\Users\nilsb\.gradle\caches\modules-2\files-2.1\com.badlogicgames.gdx\gdx-controllers-platform\1.8.0\f67537398b20867b3a49fedc6996b862a2c87ef7\gdx-controllers-platform-1.8.0-natives-desktop.jar;C:\Users\nilsb\.gradle\caches\modules-2\files-2.1\com.badlogicgames.gdx\gdx-bullet-platform\1.8.0\703309c89f68f06b2795742af36799091fcbe4a4\gdx-bullet-platform-1.8.0-natives-desktop.jar;C:\Users\nilsb\.gradle\caches\modules-2\files-2.1\com.badlogicgames.gdx\gdx\1.8.0\8aaf0d40f211e94051538d28b06996a6cc5ed2af\gdx-1.8.0.jar;C:\Users\nilsb\.gradle\caches\modules-2\files-2.1\com.badlogicgames.gdx\gdx-box2d\1.8.0\a87cfc0621180fd6976238366541d6211f9e18a4\gdx-box2d-1.8.0.jar;C:\Users\nilsb\.gradle\caches\modules-2\files-2.1\com.badlogicgames.box2dlights\box2dlights\1.4\3d77ad5b4164fb32fc67e2446e35911bb0aaf0bd\box2dlights-1.4.jar;C:\Users\nilsb\.gradle\caches\modules-2\files-2.1\com.badlogicgames.ashley\ashley\1.7.0\a7c4083c0a42027a3c03ba7ccecef6cbe1c5f0a4\ashley-1.7.0.jar;C:\Users\nilsb\.gradle\caches\modules-2\files-2.1\com.badlogicgames.gdx\gdx-ai\1.7.0\e74a876dbaabe28abe8160d677b0a67b61c7dfa
Launcher Type: SUN_STANDARD

Environment Variables:
PATH=C:/Program Files (x86)/Java/jre1.8.0_66/bin/client;C:/Program Files (x86)/Java/jre1.8.0_66/bin;C:/Program Files (x86)/Java/jre1.8.0_66/lib/i386;C:\ProgramData\Oracle\Java\javapath;C:\Program Files (x86)\AMD APP\bin\x86_64;C:\Program Files (x86)\AMD APP\bin\x86;C:\WINDOWS\system32;C:\WINDOWS;C:\WINDOWS\System32\Wbem;C:\WINDOWS\System32\WindowsPowerShell\v1.0\;C:\Program Files (x86)\ATI Technologies\ATI.ACE\Core-Static;C:\Program Files (x86)\Skype\Phone\;C:\Program Files (x86)\NVIDIA Corporation\PhysX\Common;C:\Users\nilsb\Desktop;
USERNAME=nilsb
OS=Windows_NT
PROCESSOR_IDENTIFIER=AMD64 Family 21 Model 2 Stepping 0, AuthenticAMD



---------------  S Y S T E M  ---------------

OS: Windows 10.0 , 64 bit Build 10240 (10.0.10240.16384)

CPU:total 8 (8 cores per cpu, 1 threads per core) family 21 model 2 stepping 0, cmov, cx8, fxsr, mmx, sse, sse2, sse3, ssse3, sse4.1, sse4.2, popcnt, avx, aes, clmul, mmxext, 3dnowpref, lzcnt, sse4a, tsc, tscinvbit, tscinv, bmi1

Memory: 4k page, physical 16674268k(11983000k free), swap 17722844k(12481348k free)

vm_info: Java HotSpot(TM) Client VM (25.66-b18) for windows-x86 JRE (1.8.0_66-b18), built on Nov  9 2015 10:58:29 by "java_re" with MS VC++ 10.0 (VS2010)

time: Tue Jan 26 21:38:41 2016
elapsed time: 11 seconds (0d 0h 0m 11s)

