#
# A fatal error has been detected by the Java Runtime Environment:
#
#  EXCEPTION_ACCESS_VIOLATION (0xc0000005) at pc=0x650a696a, pid=4528, tid=11388
#
# JRE version: Java(TM) SE Runtime Environment (8.0_66-b18) (build 1.8.0_66-b18)
# Java VM: Java HotSpot(TM) Client VM (25.66-b18 mixed mode, sharing windows-x86 )
# Problematic frame:
# C  [gdx-bullet.dll+0x2696a]
#
# Failed to write core dump. Minidumps are not enabled by default on client versions of Windows
#
# If you would like to submit a bug report, please visit:
#   http://bugreport.java.com/bugreport/crash.jsp
# The crash happened outside the Java Virtual Machine in native code.
# See problematic frame for where to report the bug.
#

---------------  T H R E A D  ---------------

Current thread (0x1682b400):  JavaThread "LWJGL Application" [_thread_in_native, id=11388, stack(0x16530000,0x16580000)]

siginfo: ExceptionCode=0xc0000005, reading address 0x1cb50eac

Registers:
EAX=0x1cb414b0, EBX=0x1cb50df0, ECX=0x1cb266b0, EDX=0x1cb266b0
ESP=0x1657f720, EBP=0x1657f788, ESI=0x1cc35478, EDI=0x1682b400
EIP=0x650a696a, EFLAGS=0x00010202

Top of Stack: (sp=0x1657f720)
0x1657f720:   1cb42bb0 1cb24fa8 1cb266b0 1657f73c
0x1657f730:   77d9c55c 00000000 1657f768 1cb4a340
0x1657f740:   0000001b 1cb42bb0 1cb266b0 1657f7ac
0x1657f750:   00000001 1682b400 1cc35478 1cb266b0
0x1657f760:   1cc35478 6534d050 6534e5f4 1657f780
0x1657f770:   650a6a46 1657f720 1657faac 77cfd1d0
0x1657f780:   616b74af 1cb266b0 1657f864 6513ff9f
0x1657f790:   1cb5e240 168299e0 5cbd5937 16829900 

Instructions: (pc=0x650a696a)
0x650a694a:   00 08 22 37 65 85 d2 0f 8e ea 00 00 00 8b 45 c0
0x650a695a:   c7 45 b8 00 00 00 00 8b 40 10 8b 5d b8 8b 1c 98
0x650a696a:   8b 93 bc 00 00 00 89 5d b4 85 d2 89 55 bc 74 60
0x650a697a:   8b 45 c0 8b 48 44 8b 01 8b 40 24 c7 45 c8 01 00 


Register to memory mapping:

EAX=0x1cb414b0 is an unknown value
EBX=0x1cb50df0 is an unknown value
ECX=0x1cb266b0 is an unknown value
EDX=0x1cb266b0 is an unknown value
ESP=0x1657f720 is pointing into the stack for thread: 0x1682b400
EBP=0x1657f788 is pointing into the stack for thread: 0x1682b400
ESI={method} {0x1cc3547c} 'delete_btDiscreteDynamicsWorld' '(J)V' in 'com/badlogic/gdx/physics/bullet/dynamics/DynamicsJNI'
EDI=0x1682b400 is a thread


Stack: [0x16530000,0x16580000],  sp=0x1657f720,  free space=317k
Native frames: (J=compiled Java code, j=interpreted, Vv=VM code, C=native code)
C  [gdx-bullet.dll+0x2696a]
C  [gdx-bullet.dll+0xbff9f]
j  com.badlogic.gdx.physics.bullet.dynamics.btDiscreteDynamicsWorld.delete()V+25
j  com.badlogic.gdx.physics.bullet.BulletBase.dispose()V+74
j  com.uos.mortaldestiny.Physics.dispose()V+48
j  com.uos.mortaldestiny.GameClass.dispose()V+53
j  com.badlogic.gdx.backends.lwjgl.LwjglApplication.mainLoop()V+822
j  com.badlogic.gdx.backends.lwjgl.LwjglApplication$1.run()V+27
v  ~StubRoutines::call_stub
V  [jvm.dll+0x158ba5]
V  [jvm.dll+0x21e12e]
V  [jvm.dll+0x158c3e]
V  [jvm.dll+0x158dc6]
V  [jvm.dll+0x158e37]
V  [jvm.dll+0xfd84f]
V  [jvm.dll+0x17c07c]
V  [jvm.dll+0x17c16a]
V  [jvm.dll+0x1c06f6]
C  [msvcr100.dll+0x5c556]
C  [msvcr100.dll+0x5c600]
C  [KERNEL32.DLL+0x13744]
C  [ntdll.dll+0x59cd4]
C  [ntdll.dll+0x59c9f]
C  0x00000000

Java frames: (J=compiled Java code, j=interpreted, Vv=VM code)
j  com.badlogic.gdx.physics.bullet.dynamics.DynamicsJNI.delete_btDiscreteDynamicsWorld(J)V+0
j  com.badlogic.gdx.physics.bullet.dynamics.btDiscreteDynamicsWorld.delete()V+25
j  com.badlogic.gdx.physics.bullet.BulletBase.dispose()V+74
j  com.uos.mortaldestiny.Physics.dispose()V+48
j  com.uos.mortaldestiny.GameClass.dispose()V+53
j  com.badlogic.gdx.backends.lwjgl.LwjglApplication.mainLoop()V+822
j  com.badlogic.gdx.backends.lwjgl.LwjglApplication$1.run()V+27
v  ~StubRoutines::call_stub

---------------  P R O C E S S  ---------------

Java Threads: ( => current thread )
  0x16980c00 JavaThread "LWJGL Timer" daemon [_thread_blocked, id=6604, stack(0x1d1b0000,0x1d200000)]
  0x16a51c00 JavaThread "AsynchExecutor-Thread" daemon [_thread_blocked, id=10920, stack(0x1ca60000,0x1cab0000)]
  0x0217e000 JavaThread "DestroyJavaVM" [_thread_blocked, id=7604, stack(0x00830000,0x00880000)]
=>0x1682b400 JavaThread "LWJGL Application" [_thread_in_native, id=11388, stack(0x16530000,0x16580000)]
  0x1545bc00 JavaThread "AWT-Windows" daemon [_thread_in_native, id=7296, stack(0x156d0000,0x15720000)]
  0x1545a400 JavaThread "Java2D Disposer" daemon [_thread_blocked, id=4600, stack(0x155b0000,0x15600000)]
  0x02073800 JavaThread "Service Thread" daemon [_thread_blocked, id=12208, stack(0x14bb0000,0x14c00000)]
  0x0204d800 JavaThread "C1 CompilerThread0" daemon [_thread_blocked, id=9656, stack(0x14b20000,0x14b70000)]
  0x0204c400 JavaThread "Attach Listener" daemon [_thread_blocked, id=8824, stack(0x14a90000,0x14ae0000)]
  0x0204b800 JavaThread "Signal Dispatcher" daemon [_thread_blocked, id=5292, stack(0x14a00000,0x14a50000)]
  0x0203d400 JavaThread "Finalizer" daemon [_thread_blocked, id=3352, stack(0x14850000,0x148a0000)]
  0x02038400 JavaThread "Reference Handler" daemon [_thread_blocked, id=10628, stack(0x147c0000,0x14810000)]

Other Threads:
  0x02034800 VMThread [stack: 0x14730000,0x14780000] [id=12112]
  0x02087800 WatcherThread [stack: 0x14c40000,0x14c90000] [id=11084]

VM state:not at safepoint (normal execution)

VM Mutex/Monitor currently owned by a thread: None

Heap:
 def new generation   total 4928K, used 1316K [0x04200000, 0x04750000, 0x09750000)
  eden space 4416K,  18% used [0x04200000, 0x042c93e0, 0x04650000)
  from space 512K, 100% used [0x046d0000, 0x04750000, 0x04750000)
  to   space 512K,   0% used [0x04650000, 0x04650000, 0x046d0000)
 tenured generation   total 10944K, used 3343K [0x09750000, 0x0a200000, 0x14200000)
   the space 10944K,  30% used [0x09750000, 0x09a93c68, 0x09a93e00, 0x0a200000)
 Metaspace       used 3720K, capacity 5665K, committed 5760K, reserved 6528K

Card table byte_map: [0x14200000,0x14290000] byte_map_base: 0x141df000

Polling page: 0x008b0000

CodeCache: size=32768Kb used=2080Kb max_used=2080Kb free=30687Kb
 bounds [0x02180000, 0x02390000, 0x04180000]
 total_blobs=1433 nmethods=948 adapters=416
 compilation: enabled

Compilation events (10 events):
Event: 38.666 Thread 0x0204d800  948             com.badlogic.gdx.utils.Sort::sort (31 bytes)
Event: 38.666 Thread 0x0204d800 nmethod 948 0x02386548 code [0x02386660, 0x023867a8]
Event: 42.282 Thread 0x0204d800  949             com.badlogic.gdx.math.RandomXS128::nextLong (43 bytes)
Event: 42.282 Thread 0x0204d800 nmethod 949 0x02386888 code [0x02386980, 0x02386ab0]
Event: 43.166 Thread 0x0204d800  951             com.badlogic.gdx.controllers.desktop.OisControllers$OisController$1::axisMoved (116 bytes)
Event: 43.167 Thread 0x0204d800 nmethod 951 0x02386d88 code [0x02386ed0, 0x02387128]
Event: 45.499 Thread 0x0204d800  952             com.uos.mortaldestiny.objects.PlayerObject::shoot (81 bytes)
Event: 45.501 Thread 0x0204d800 nmethod 952 0x02387488 code [0x02387690, 0x02387afc]
Event: 48.649 Thread 0x0204d800  953             java.lang.Class::getName (21 bytes)
Event: 48.649 Thread 0x0204d800 nmethod 953 0x02388248 code [0x02388340, 0x023883fc]

GC Heap History (10 events):
Event: 0.730 GC heap before
{Heap before GC invocations=2 (full 0):
 def new generation   total 4928K, used 3994K [0x04200000, 0x04750000, 0x09750000)
  eden space 4416K,  78% used [0x04200000, 0x04566aa0, 0x04650000)
  from space 512K, 100% used [0x04650000, 0x046d0000, 0x046d0000)
  to   space 512K,   0% used [0x046d0000, 0x046d0000, 0x04750000)
 tenured generation   total 10944K, used 1450K [0x09750000, 0x0a200000, 0x14200000)
   the space 10944K,  13% used [0x09750000, 0x098ba890, 0x098baa00, 0x0a200000)
 Metaspace       used 2035K, capacity 3999K, committed 4032K, reserved 4480K
Event: 0.732 GC heap after
Heap after GC invocations=3 (full 0):
 def new generation   total 4928K, used 512K [0x04200000, 0x04750000, 0x09750000)
  eden space 4416K,   0% used [0x04200000, 0x04200000, 0x04650000)
  from space 512K, 100% used [0x046d0000, 0x04750000, 0x04750000)
  to   space 512K,   0% used [0x04650000, 0x04650000, 0x046d0000)
 tenured generation   total 10944K, used 2104K [0x09750000, 0x0a200000, 0x14200000)
   the space 10944K,  19% used [0x09750000, 0x0995e048, 0x0995e200, 0x0a200000)
 Metaspace       used 2035K, capacity 3999K, committed 4032K, reserved 4480K
}
Event: 0.854 GC heap before
{Heap before GC invocations=3 (full 0):
 def new generation   total 4928K, used 4928K [0x04200000, 0x04750000, 0x09750000)
  eden space 4416K, 100% used [0x04200000, 0x04650000, 0x04650000)
  from space 512K, 100% used [0x046d0000, 0x04750000, 0x04750000)
  to   space 512K,   0% used [0x04650000, 0x04650000, 0x046d0000)
 tenured generation   total 10944K, used 2104K [0x09750000, 0x0a200000, 0x14200000)
   the space 10944K,  19% used [0x09750000, 0x0995e048, 0x0995e200, 0x0a200000)
 Metaspace       used 2208K, capacity 4159K, committed 4160K, reserved 4480K
Event: 0.856 GC heap after
Heap after GC invocations=4 (full 0):
 def new generation   total 4928K, used 460K [0x04200000, 0x04750000, 0x09750000)
  eden space 4416K,   0% used [0x04200000, 0x04200000, 0x04650000)
  from space 512K,  89% used [0x04650000, 0x046c32d0, 0x046d0000)
  to   space 512K,   0% used [0x046d0000, 0x046d0000, 0x04750000)
 tenured generation   total 10944K, used 2321K [0x09750000, 0x0a200000, 0x14200000)
   the space 10944K,  21% used [0x09750000, 0x09994700, 0x09994800, 0x0a200000)
 Metaspace       used 2208K, capacity 4159K, committed 4160K, reserved 4480K
}
Event: 1.001 GC heap before
{Heap before GC invocations=4 (full 0):
 def new generation   total 4928K, used 4876K [0x04200000, 0x04750000, 0x09750000)
  eden space 4416K, 100% used [0x04200000, 0x04650000, 0x04650000)
  from space 512K,  89% used [0x04650000, 0x046c32d0, 0x046d0000)
  to   space 512K,   0% used [0x046d0000, 0x046d0000, 0x04750000)
 tenured generation   total 10944K, used 2321K [0x09750000, 0x0a200000, 0x14200000)
   the space 10944K,  21% used [0x09750000, 0x09994700, 0x09994800, 0x0a200000)
 Metaspace       used 2535K, capacity 4479K, committed 4480K, reserved 4480K
Event: 1.002 GC heap after
Heap after GC invocations=5 (full 0):
 def new generation   total 4928K, used 474K [0x04200000, 0x04750000, 0x09750000)
  eden space 4416K,   0% used [0x04200000, 0x04200000, 0x04650000)
  from space 512K,  92% used [0x046d0000, 0x04746958, 0x04750000)
  to   space 512K,   0% used [0x04650000, 0x04650000, 0x046d0000)
 tenured generation   total 10944K, used 2370K [0x09750000, 0x0a200000, 0x14200000)
   the space 10944K,  21% used [0x09750000, 0x099a0998, 0x099a0a00, 0x0a200000)
 Metaspace       used 2535K, capacity 4479K, committed 4480K, reserved 4480K
}
Event: 1.207 GC heap before
{Heap before GC invocations=5 (full 0):
 def new generation   total 4928K, used 4890K [0x04200000, 0x04750000, 0x09750000)
  eden space 4416K, 100% used [0x04200000, 0x04650000, 0x04650000)
  from space 512K,  92% used [0x046d0000, 0x04746958, 0x04750000)
  to   space 512K,   0% used [0x04650000, 0x04650000, 0x046d0000)
 tenured generation   total 10944K, used 2370K [0x09750000, 0x0a200000, 0x14200000)
   the space 10944K,  21% used [0x09750000, 0x099a0998, 0x099a0a00, 0x0a200000)
 Metaspace       used 3504K, capacity 5439K, committed 5504K, reserved 5504K
Event: 1.209 GC heap after
Heap after GC invocations=6 (full 0):
 def new generation   total 4928K, used 512K [0x04200000, 0x04750000, 0x09750000)
  eden space 4416K,   0% used [0x04200000, 0x04200000, 0x04650000)
  from space 512K, 100% used [0x04650000, 0x046d0000, 0x046d0000)
  to   space 512K,   0% used [0x046d0000, 0x046d0000, 0x04750000)
 tenured generation   total 10944K, used 2744K [0x09750000, 0x0a200000, 0x14200000)
   the space 10944K,  25% used [0x09750000, 0x099fe260, 0x099fe400, 0x0a200000)
 Metaspace       used 3504K, capacity 5439K, committed 5504K, reserved 5504K
}
Event: 38.549 GC heap before
{Heap before GC invocations=6 (full 0):
 def new generation   total 4928K, used 4928K [0x04200000, 0x04750000, 0x09750000)
  eden space 4416K, 100% used [0x04200000, 0x04650000, 0x04650000)
  from space 512K, 100% used [0x04650000, 0x046d0000, 0x046d0000)
  to   space 512K,   0% used [0x046d0000, 0x046d0000, 0x04750000)
 tenured generation   total 10944K, used 2744K [0x09750000, 0x0a200000, 0x14200000)
   the space 10944K,  25% used [0x09750000, 0x099fe260, 0x099fe400, 0x0a200000)
 Metaspace       used 3716K, capacity 5665K, committed 5760K, reserved 6528K
Event: 38.551 GC heap after
Heap after GC invocations=7 (full 0):
 def new generation   total 4928K, used 512K [0x04200000, 0x04750000, 0x09750000)
  eden space 4416K,   0% used [0x04200000, 0x04200000, 0x04650000)
  from space 512K, 100% used [0x046d0000, 0x04750000, 0x04750000)
  to   space 512K,   0% used [0x04650000, 0x04650000, 0x046d0000)
 tenured generation   total 10944K, used 3343K [0x09750000, 0x0a200000, 0x14200000)
   the space 10944K,  30% used [0x09750000, 0x09a93c68, 0x09a93e00, 0x0a200000)
 Metaspace       used 3716K, capacity 5665K, committed 5760K, reserved 6528K
}

Deoptimization events (0 events):
No events

Internal exceptions (10 events):
Event: 0.078 Thread 0x0217e000 Exception <a 'java/io/FileNotFoundException'> (0x042e08b0) thrown at [C:\re\workspace\8-2-build-windows-i586-cygwin\jdk8u66\5298\hotspot\src\share\vm\prims\jni.cpp, line 709]
Event: 0.104 Thread 0x0217e000 Exception <a 'java/lang/NoSuchFieldError': method resolution failed> (0x0439bb38) thrown at [C:\re\workspace\8-2-build-windows-i586-cygwin\jdk8u66\5298\hotspot\src\share\vm\prims\methodHandles.cpp, line 1146]
Event: 0.105 Thread 0x0217e000 Exception <a 'java/lang/NoSuchFieldError': method resolution failed> (0x043a7e38) thrown at [C:\re\workspace\8-2-build-windows-i586-cygwin\jdk8u66\5298\hotspot\src\share\vm\prims\methodHandles.cpp, line 1146]
Event: 0.244 Thread 0x0217e000 Exception <a 'java/security/PrivilegedActionException'> (0x042f36d8) thrown at [C:\re\workspace\8-2-build-windows-i586-cygwin\jdk8u66\5298\hotspot\src\share\vm\prims\jvm.cpp, line 1386]
Event: 0.244 Thread 0x0217e000 Exception <a 'java/security/PrivilegedActionException'> (0x042f50b0) thrown at [C:\re\workspace\8-2-build-windows-i586-cygwin\jdk8u66\5298\hotspot\src\share\vm\prims\jvm.cpp, line 1386]
Event: 0.244 Thread 0x0217e000 Exception <a 'java/security/PrivilegedActionException'> (0x042f60c0) thrown at [C:\re\workspace\8-2-build-windows-i586-cygwin\jdk8u66\5298\hotspot\src\share\vm\prims\jvm.cpp, line 1386]
Event: 0.244 Thread 0x0217e000 Exception <a 'java/security/PrivilegedActionException'> (0x042fab80) thrown at [C:\re\workspace\8-2-build-windows-i586-cygwin\jdk8u66\5298\hotspot\src\share\vm\prims\jvm.cpp, line 1386]
Event: 0.244 Thread 0x0217e000 Exception <a 'java/security/PrivilegedActionException'> (0x042fb740) thrown at [C:\re\workspace\8-2-build-windows-i586-cygwin\jdk8u66\5298\hotspot\src\share\vm\prims\jvm.cpp, line 1386]
Event: 0.244 Thread 0x0217e000 Exception <a 'java/security/PrivilegedActionException'> (0x042fc2c0) thrown at [C:\re\workspace\8-2-build-windows-i586-cygwin\jdk8u66\5298\hotspot\src\share\vm\prims\jvm.cpp, line 1386]
Event: 7.499 Thread 0x1682b400 Implicit null exception at 0x02312743 to 0x023127b5

Events (10 events):
Event: 7.499 Thread 0x1682b400 DEOPT UNPACKING pc=0x021bc5db sp=0x1657f708 mode 3
Event: 13.291 loading class com/badlogic/gdx/graphics/g3d/shaders/DefaultShader$Setters$Bones
Event: 13.291 loading class com/badlogic/gdx/graphics/g3d/shaders/DefaultShader$Setters$Bones done
Event: 14.783 Thread 0x0204d800 flushing nmethod 0x02312548
Event: 38.549 Executing VM operation: GenCollectForAllocation
Event: 38.551 Executing VM operation: GenCollectForAllocation done
Event: 51.598 loading class com/badlogic/gdx/backends/lwjgl/LwjglApplication$2
Event: 51.598 loading class com/badlogic/gdx/backends/lwjgl/LwjglApplication$2 done
Event: 51.600 loading class com/badlogic/gdx/utils/ArrayMap$Values
Event: 51.600 loading class com/badlogic/gdx/utils/ArrayMap$Values done


Dynamic libraries:
0x003a0000 - 0x003d3000 	C:\Program Files (x86)\Java\jre1.8.0_66\bin\javaw.exe
0x77d60000 - 0x77ed9000 	C:\WINDOWS\SYSTEM32\ntdll.dll
0x74e90000 - 0x74f80000 	C:\WINDOWS\SYSTEM32\KERNEL32.DLL
0x753b0000 - 0x75526000 	C:\WINDOWS\SYSTEM32\KERNELBASE.dll
0x77540000 - 0x775bb000 	C:\WINDOWS\SYSTEM32\ADVAPI32.dll
0x77ca0000 - 0x77d5e000 	C:\WINDOWS\SYSTEM32\msvcrt.dll
0x750d0000 - 0x75113000 	C:\WINDOWS\SYSTEM32\sechost.dll
0x758b0000 - 0x7595c000 	C:\WINDOWS\SYSTEM32\RPCRT4.dll
0x74e70000 - 0x74e8e000 	C:\WINDOWS\SYSTEM32\SspiCli.dll
0x74e60000 - 0x74e6a000 	C:\WINDOWS\SYSTEM32\CRYPTBASE.dll
0x74e00000 - 0x74e59000 	C:\WINDOWS\SYSTEM32\bcryptPrimitives.dll
0x77940000 - 0x77a80000 	C:\WINDOWS\SYSTEM32\USER32.dll
0x74f80000 - 0x750cd000 	C:\WINDOWS\SYSTEM32\GDI32.dll
0x74a10000 - 0x74c19000 	C:\WINDOWS\WinSxS\x86_microsoft.windows.common-controls_6595b64144ccf1df_6.0.10240.16384_none_3bccb1ff6bcd1849\COMCTL32.dll
0x75120000 - 0x7514b000 	C:\WINDOWS\SYSTEM32\IMM32.DLL
0x75a50000 - 0x75b70000 	C:\WINDOWS\SYSTEM32\MSCTF.dll
0x5c670000 - 0x5c72f000 	C:\Program Files (x86)\Java\jre1.8.0_66\bin\msvcr100.dll
0x5caa0000 - 0x5ce65000 	C:\Program Files (x86)\Java\jre1.8.0_66\bin\client\jvm.dll
0x75530000 - 0x75536000 	C:\WINDOWS\SYSTEM32\PSAPI.DLL
0x67a00000 - 0x67a08000 	C:\WINDOWS\SYSTEM32\WSOCK32.dll
0x74df0000 - 0x74df8000 	C:\WINDOWS\SYSTEM32\VERSION.dll
0x749d0000 - 0x749f4000 	C:\WINDOWS\SYSTEM32\WINMM.dll
0x77770000 - 0x777cc000 	C:\WINDOWS\SYSTEM32\WS2_32.dll
0x76ff0000 - 0x76ff7000 	C:\WINDOWS\SYSTEM32\NSI.dll
0x749a0000 - 0x749c3000 	C:\WINDOWS\SYSTEM32\WINMMBASE.dll
0x775c0000 - 0x775f6000 	C:\WINDOWS\SYSTEM32\cfgmgr32.dll
0x74970000 - 0x74991000 	C:\WINDOWS\SYSTEM32\DEVOBJ.dll
0x5c9d0000 - 0x5c9dc000 	C:\Program Files (x86)\Java\jre1.8.0_66\bin\verify.dll
0x5c9a0000 - 0x5c9c1000 	C:\Program Files (x86)\Java\jre1.8.0_66\bin\java.dll
0x5c980000 - 0x5c993000 	C:\Program Files (x86)\Java\jre1.8.0_66\bin\zip.dll
0x75bc0000 - 0x76f7e000 	C:\WINDOWS\SYSTEM32\SHELL32.dll
0x77060000 - 0x7753c000 	C:\WINDOWS\SYSTEM32\windows.storage.dll
0x77a80000 - 0x77c3a000 	C:\WINDOWS\SYSTEM32\combase.dll
0x75360000 - 0x753a4000 	C:\WINDOWS\SYSTEM32\shlwapi.dll
0x75820000 - 0x7582c000 	C:\WINDOWS\SYSTEM32\kernel.appcore.dll
0x75540000 - 0x755cd000 	C:\WINDOWS\SYSTEM32\shcore.dll
0x76f80000 - 0x76fc4000 	C:\WINDOWS\SYSTEM32\powrprof.dll
0x77600000 - 0x7760f000 	C:\WINDOWS\SYSTEM32\profapi.dll
0x6ce10000 - 0x6cf55000 	C:\Program Files (x86)\Java\jre1.8.0_66\bin\awt.dll
0x755d0000 - 0x75662000 	C:\WINDOWS\SYSTEM32\OLEAUT32.dll
0x73270000 - 0x73301000 	C:\WINDOWS\system32\apphelp.dll
0x741d0000 - 0x74245000 	C:\WINDOWS\system32\uxtheme.dll
0x72640000 - 0x72681000 	C:\Program Files (x86)\TeamViewer\tv_w32.dll
0x75960000 - 0x75a4a000 	C:\WINDOWS\SYSTEM32\ole32.dll
0x73800000 - 0x7381d000 	C:\WINDOWS\system32\dwmapi.dll
0x15830000 - 0x158a3000 	C:\Users\nilsb\AppData\Local\Temp\libgdxnilsb\bd48096\gdx.dll
0x74480000 - 0x74493000 	C:\WINDOWS\SYSTEM32\CRYPTSP.dll
0x74d60000 - 0x74d7b000 	C:\WINDOWS\SYSTEM32\bcrypt.dll
0x74320000 - 0x7434f000 	C:\WINDOWS\system32\rsaenh.dll
0x74c30000 - 0x74c49000 	C:\WINDOWS\SYSTEM32\USERENV.dll
0x5c960000 - 0x5c976000 	C:\Program Files (x86)\Java\jre1.8.0_66\bin\net.dll
0x74830000 - 0x7487e000 	C:\WINDOWS\system32\mswsock.dll
0x74940000 - 0x74970000 	C:\WINDOWS\SYSTEM32\IPHLPAPI.DLL
0x74880000 - 0x74888000 	C:\WINDOWS\SYSTEM32\WINNSI.DLL
0x73de0000 - 0x73df3000 	C:\WINDOWS\SYSTEM32\dhcpcsvc6.DLL
0x73e00000 - 0x73e14000 	C:\WINDOWS\SYSTEM32\dhcpcsvc.DLL
0x5c950000 - 0x5c95f000 	C:\Program Files (x86)\Java\jre1.8.0_66\bin\nio.dll
0x158d0000 - 0x1591f000 	C:\Users\nilsb\AppData\Local\Temp\libgdxnilsb\68069333\lwjgl.dll
0x67a40000 - 0x67b20000 	C:\WINDOWS\SYSTEM32\OPENGL32.dll
0x72e90000 - 0x72f7b000 	C:\WINDOWS\SYSTEM32\DDRAW.dll
0x67a10000 - 0x67a35000 	C:\WINDOWS\SYSTEM32\GLU32.dll
0x737f0000 - 0x737f7000 	C:\WINDOWS\SYSTEM32\DCIMAN32.dll
0x15920000 - 0x15985000 	C:\Users\nilsb\AppData\Local\Temp\libgdxnilsb\68069333\OpenAL32.dll
0x75150000 - 0x751d2000 	C:\WINDOWS\SYSTEM32\clbcatq.dll
0x6fac0000 - 0x6fb14000 	C:\WINDOWS\System32\MMDevApi.dll
0x73fb0000 - 0x740f2000 	C:\WINDOWS\System32\PROPSYS.dll
0x6fa30000 - 0x6fab6000 	C:\WINDOWS\SYSTEM32\dsound.dll
0x6f960000 - 0x6f9c8000 	C:\WINDOWS\SYSTEM32\AUDIOSES.DLL
0x6f7f0000 - 0x6f8b5000 	C:\WINDOWS\SYSTEM32\wintypes.dll
0x69110000 - 0x6a8fb000 	C:\WINDOWS\SYSTEM32\nvoglv32.DLL
0x75670000 - 0x75815000 	C:\WINDOWS\SYSTEM32\SETUPAPI.dll
0x74c20000 - 0x74c2f000 	C:\WINDOWS\SYSTEM32\WTSAPI32.dll
0x6bb80000 - 0x6bcbf000 	C:\WINDOWS\SYSTEM32\dbghelp.dll
0x75b70000 - 0x75bb2000 	C:\WINDOWS\SYSTEM32\WINTRUST.dll
0x76fd0000 - 0x76fde000 	C:\WINDOWS\SYSTEM32\MSASN1.dll
0x751e0000 - 0x75355000 	C:\WINDOWS\SYSTEM32\CRYPT32.dll
0x74d30000 - 0x74d58000 	C:\WINDOWS\SYSTEM32\ntmarta.dll
0x73be0000 - 0x73c24000 	C:\WINDOWS\SYSTEM32\WINSTA.dll
0x6bfb0000 - 0x6c02f000 	C:\WINDOWS\SYSTEM32\mscms.dll
0x50070000 - 0x500ad000 	C:\WINDOWS\SYSTEM32\icm32.dll
0x65080000 - 0x65491000 	C:\Users\nilsb\AppData\Local\Temp\libgdxnilsb\4dacbe1e\gdx-bullet.dll
0x6dd40000 - 0x6de40000 	C:\Users\nilsb\AppData\Local\Temp\libgdxnilsb\740d6003\gdx-controllers-desktop.dll
0x6c150000 - 0x6c186000 	C:\WINDOWS\SYSTEM32\dinput8.dll
0x67830000 - 0x6783a000 	C:\WINDOWS\SYSTEM32\HID.DLL
0x1d200000 - 0x1d2a1000 	C:\Program Files (x86)\ASUS\AI Suite II\Remote GO!\AssistTools\WiFiGO_HookKey.dll
0x1d160000 - 0x1d16e000 	C:\Program Files (x86)\ASUS\AI Suite II\TurboV EVO\HookKey32.dll

VM Arguments:
jvm_args: -Dfile.encoding=Cp1252 
java_command: com.uos.mortaldestiny.desktop.DesktopLauncher
java_class_path (initial): C:\git\MortalDestiny\desktop\bin;C:\Users\nilsb\.gradle\caches\modules-2\files-2.1\com.badlogicgames.gdx\gdx-backend-lwjgl\1.8.0\83ec9ed2262d201b0c76183a92450286ca39bd63\gdx-backend-lwjgl-1.8.0.jar;C:\Users\nilsb\.gradle\caches\modules-2\files-2.1\com.badlogicgames.gdx\gdx-platform\1.8.0\96dac3baecfdf1e28ac6dbfe51f3cfcaf6f90785\gdx-platform-1.8.0-natives-desktop.jar;C:\Users\nilsb\.gradle\caches\modules-2\files-2.1\com.badlogicgames.gdx\gdx-box2d-platform\1.8.0\78d7e6f73ae42f74f4c91fa0d801e5d13bdbb948\gdx-box2d-platform-1.8.0-natives-desktop.jar;C:\Users\nilsb\.gradle\caches\modules-2\files-2.1\com.badlogicgames.gdx\gdx-tools\1.8.0\5725b366dff2167eae8cec1b4a1a2806fe7b5e27\gdx-tools-1.8.0.jar;C:\Users\nilsb\.gradle\caches\modules-2\files-2.1\com.badlogicgames.gdx\gdx-controllers-desktop\1.8.0\7f68c6c789ada7c67b1b7244123743e4e37be931\gdx-controllers-desktop-1.8.0.jar;C:\Users\nilsb\.gradle\caches\modules-2\files-2.1\com.badlogicgames.gdx\gdx-controllers-platform\1.8.0\f67537398b20867b3a49fedc6996b862a2c87ef7\gdx-controllers-platform-1.8.0-natives-desktop.jar;C:\Users\nilsb\.gradle\caches\modules-2\files-2.1\com.badlogicgames.gdx\gdx-bullet-platform\1.8.0\703309c89f68f06b2795742af36799091fcbe4a4\gdx-bullet-platform-1.8.0-natives-desktop.jar;C:\Users\nilsb\.gradle\caches\modules-2\files-2.1\com.badlogicgames.gdx\gdx\1.8.0\8aaf0d40f211e94051538d28b06996a6cc5ed2af\gdx-1.8.0.jar;C:\Users\nilsb\.gradle\caches\modules-2\files-2.1\com.badlogicgames.gdx\gdx-box2d\1.8.0\a87cfc0621180fd6976238366541d6211f9e18a4\gdx-box2d-1.8.0.jar;C:\Users\nilsb\.gradle\caches\modules-2\files-2.1\com.badlogicgames.box2dlights\box2dlights\1.4\3d77ad5b4164fb32fc67e2446e35911bb0aaf0bd\box2dlights-1.4.jar;C:\Users\nilsb\.gradle\caches\modules-2\files-2.1\com.badlogicgames.ashley\ashley\1.7.0\a7c4083c0a42027a3c03ba7ccecef6cbe1c5f0a4\ashley-1.7.0.jar;C:\Users\nilsb\.gradle\caches\modules-2\files-2.1\com.badlogicgames.gdx\gdx-ai\1.7.0\e74a876dbaabe28abe8160d677b0a67b61c7dfa
Launcher Type: SUN_STANDARD

Environment Variables:
PATH=C:/Program Files (x86)/Java/jre1.8.0_66/bin/client;C:/Program Files (x86)/Java/jre1.8.0_66/bin;C:/Program Files (x86)/Java/jre1.8.0_66/lib/i386;C:\ProgramData\Oracle\Java\javapath;C:\Program Files (x86)\AMD APP\bin\x86_64;C:\Program Files (x86)\AMD APP\bin\x86;C:\WINDOWS\system32;C:\WINDOWS;C:\WINDOWS\System32\Wbem;C:\WINDOWS\System32\WindowsPowerShell\v1.0\;C:\Program Files (x86)\ATI Technologies\ATI.ACE\Core-Static;C:\Program Files (x86)\Skype\Phone\;C:\Program Files (x86)\NVIDIA Corporation\PhysX\Common;C:\Users\nilsb\Desktop;
USERNAME=nilsb
OS=Windows_NT
PROCESSOR_IDENTIFIER=AMD64 Family 21 Model 2 Stepping 0, AuthenticAMD



---------------  S Y S T E M  ---------------

OS: Windows 10.0 , 64 bit Build 10240 (10.0.10240.16384)

CPU:total 8 (8 cores per cpu, 1 threads per core) family 21 model 2 stepping 0, cmov, cx8, fxsr, mmx, sse, sse2, sse3, ssse3, sse4.1, sse4.2, popcnt, avx, aes, clmul, mmxext, 3dnowpref, lzcnt, sse4a, tsc, tscinvbit, tscinv, bmi1

Memory: 4k page, physical 16674268k(11976292k free), swap 17722844k(12474900k free)

vm_info: Java HotSpot(TM) Client VM (25.66-b18) for windows-x86 JRE (1.8.0_66-b18), built on Nov  9 2015 10:58:29 by "java_re" with MS VC++ 10.0 (VS2010)

time: Tue Jan 26 21:39:58 2016
elapsed time: 51 seconds (0d 0h 0m 51s)

