#
# A fatal error has been detected by the Java Runtime Environment:
#
#  EXCEPTION_ACCESS_VIOLATION (0xc0000005) at pc=0x650a696a, pid=7784, tid=9280
#
# JRE version: Java(TM) SE Runtime Environment (8.0_66-b18) (build 1.8.0_66-b18)
# Java VM: Java HotSpot(TM) Client VM (25.66-b18 mixed mode, sharing windows-x86 )
# Problematic frame:
# C  [gdx-bullet.dll+0x2696a]
#
# Failed to write core dump. Minidumps are not enabled by default on client versions of Windows
#
# If you would like to submit a bug report, please visit:
#   http://bugreport.java.com/bugreport/crash.jsp
# The crash happened outside the Java Virtual Machine in native code.
# See problematic frame for where to report the bug.
#

---------------  T H R E A D  ---------------

Current thread (0x0cd6b000):  JavaThread "LWJGL Application" [_thread_in_native, id=9280, stack(0x0dd20000,0x0dd70000)]

siginfo: ExceptionCode=0xc0000005, reading address 0x0fd3d96c

Registers:
EAX=0x008cc230, EBX=0x0fd3d8b0, ECX=0x0fd332c0, EDX=0x0fd332c0
ESP=0x0dd6f5a0, EBP=0x0dd6f608, ESI=0x0fe44ae0, EDI=0x0cd6b000
EIP=0x650a696a, EFLAGS=0x00010212

Top of Stack: (sp=0x0dd6f5a0)
0x0dd6f5a0:   0fd376b0 0fd31bb8 0fd332c0 0dd6f5bc
0x0dd6f5b0:   77d9c55c 00000000 0dd6f5e8 0fd3f0a0
0x0dd6f5c0:   0000001e 0fd376b0 0fd332c0 0dd6f62c
0x0dd6f5d0:   00000001 0cd6b000 0fe44ae0 0fd332c0
0x0dd6f5e0:   0fe44ae0 6534d050 6534e5f4 0dd6f600
0x0dd6f5f0:   650a6a46 0dd6f5a0 0dd6f92c 77cfd1d0
0x0dd6f600:   ba5bd360 0fd332c0 0dd6f6e4 6513ff9f
0x0dd6f610:   0fd4cdb0 0cd68e48 5cbd5937 0cd68c08 

Instructions: (pc=0x650a696a)
0x650a694a:   00 08 22 37 65 85 d2 0f 8e ea 00 00 00 8b 45 c0
0x650a695a:   c7 45 b8 00 00 00 00 8b 40 10 8b 5d b8 8b 1c 98
0x650a696a:   8b 93 bc 00 00 00 89 5d b4 85 d2 89 55 bc 74 60
0x650a697a:   8b 45 c0 8b 48 44 8b 01 8b 40 24 c7 45 c8 01 00 


Register to memory mapping:

EAX=0x008cc230 is an unknown value
EBX=0x0fd3d8b0 is an unknown value
ECX=0x0fd332c0 is an unknown value
EDX=0x0fd332c0 is an unknown value
ESP=0x0dd6f5a0 is pointing into the stack for thread: 0x0cd6b000
EBP=0x0dd6f608 is pointing into the stack for thread: 0x0cd6b000
ESI={method} {0x0fe44ae4} 'delete_btDiscreteDynamicsWorld' '(J)V' in 'com/badlogic/gdx/physics/bullet/dynamics/DynamicsJNI'
EDI=0x0cd6b000 is a thread


Stack: [0x0dd20000,0x0dd70000],  sp=0x0dd6f5a0,  free space=317k
Native frames: (J=compiled Java code, j=interpreted, Vv=VM code, C=native code)
C  [gdx-bullet.dll+0x2696a]
C  [gdx-bullet.dll+0xbff9f]
j  com.badlogic.gdx.physics.bullet.dynamics.btDiscreteDynamicsWorld.delete()V+25
j  com.badlogic.gdx.physics.bullet.BulletBase.dispose()V+74
j  com.uos.mortaldestiny.Physics.dispose()V+48
j  com.uos.mortaldestiny.GameClass.dispose()V+53
j  com.badlogic.gdx.backends.lwjgl.LwjglApplication.mainLoop()V+822
j  com.badlogic.gdx.backends.lwjgl.LwjglApplication$1.run()V+27
v  ~StubRoutines::call_stub
V  [jvm.dll+0x158ba5]
V  [jvm.dll+0x21e12e]
V  [jvm.dll+0x158c3e]
V  [jvm.dll+0x158dc6]
V  [jvm.dll+0x158e37]
V  [jvm.dll+0xfd84f]
V  [jvm.dll+0x17c07c]
V  [jvm.dll+0x17c16a]
V  [jvm.dll+0x1c06f6]
C  [msvcr100.dll+0x5c556]
C  [msvcr100.dll+0x5c600]
C  [KERNEL32.DLL+0x13744]
C  [ntdll.dll+0x59cd4]
C  [ntdll.dll+0x59c9f]
C  0x00000000

Java frames: (J=compiled Java code, j=interpreted, Vv=VM code)
j  com.badlogic.gdx.physics.bullet.dynamics.DynamicsJNI.delete_btDiscreteDynamicsWorld(J)V+0
j  com.badlogic.gdx.physics.bullet.dynamics.btDiscreteDynamicsWorld.delete()V+25
j  com.badlogic.gdx.physics.bullet.BulletBase.dispose()V+74
j  com.uos.mortaldestiny.Physics.dispose()V+48
j  com.uos.mortaldestiny.GameClass.dispose()V+53
j  com.badlogic.gdx.backends.lwjgl.LwjglApplication.mainLoop()V+822
j  com.badlogic.gdx.backends.lwjgl.LwjglApplication$1.run()V+27
v  ~StubRoutines::call_stub

---------------  P R O C E S S  ---------------

Java Threads: ( => current thread )
  0x0d62c000 JavaThread "LWJGL Timer" daemon [_thread_blocked, id=4764, stack(0x143e0000,0x14430000)]
  0x0d6ce800 JavaThread "AsynchExecutor-Thread" daemon [_thread_blocked, id=8804, stack(0x0fc70000,0x0fcc0000)]
  0x01f1e000 JavaThread "DestroyJavaVM" [_thread_blocked, id=6456, stack(0x01f20000,0x01f70000)]
=>0x0cd6b000 JavaThread "LWJGL Application" [_thread_in_native, id=9280, stack(0x0dd20000,0x0dd70000)]
  0x0cc14000 JavaThread "AWT-Windows" daemon [_thread_in_native, id=2688, stack(0x0cfe0000,0x0d030000)]
  0x0cc13400 JavaThread "AWT-Shutdown" [_thread_blocked, id=8100, stack(0x0cf50000,0x0cfa0000)]
  0x0cc12c00 JavaThread "Java2D Disposer" daemon [_thread_blocked, id=7648, stack(0x0cec0000,0x0cf10000)]
  0x0202e000 JavaThread "Service Thread" daemon [_thread_blocked, id=11340, stack(0x0ca90000,0x0cae0000)]
  0x0200b800 JavaThread "C1 CompilerThread0" daemon [_thread_blocked, id=11732, stack(0x0ca00000,0x0ca50000)]
  0x0200a800 JavaThread "Attach Listener" daemon [_thread_blocked, id=3496, stack(0x0c970000,0x0c9c0000)]
  0x02009c00 JavaThread "Signal Dispatcher" daemon [_thread_blocked, id=1936, stack(0x0c8e0000,0x0c930000)]
  0x01ffd400 JavaThread "Finalizer" daemon [_thread_blocked, id=7780, stack(0x0c740000,0x0c790000)]
  0x01ff8400 JavaThread "Reference Handler" daemon [_thread_blocked, id=11360, stack(0x0c6b0000,0x0c700000)]

Other Threads:
  0x01ff4800 VMThread [stack: 0x0c660000,0x0c6b0000] [id=6676]
  0x02042400 WatcherThread [stack: 0x0cb20000,0x0cb70000] [id=7068]

VM state:not at safepoint (normal execution)

VM Mutex/Monitor currently owned by a thread: None

Heap:
 def new generation   total 15360K, used 3561K [0x04200000, 0x052a0000, 0x06ca0000)
  eden space 13696K,  13% used [0x04200000, 0x043da5c8, 0x04f60000)
  from space 1664K, 100% used [0x04f60000, 0x05100000, 0x05100000)
  to   space 1664K,   0% used [0x05100000, 0x05100000, 0x052a0000)
 tenured generation   total 34176K, used 2418K [0x06ca0000, 0x08e00000, 0x0c200000)
   the space 34176K,   7% used [0x06ca0000, 0x06efca38, 0x06efcc00, 0x08e00000)
 Metaspace       used 3685K, capacity 5631K, committed 5632K, reserved 6528K

Card table byte_map: [0x01f70000,0x01fc0000] byte_map_base: 0x01f4f000

Polling page: 0x008b0000

CodeCache: size=32768Kb used=1550Kb max_used=1550Kb free=31217Kb
 bounds [0x020d0000, 0x02258000, 0x040d0000]
 total_blobs=1053 nmethods=568 adapters=416
 compilation: enabled

Compilation events (10 events):
Event: 1.593 Thread 0x0200b800  566             com.badlogic.gdx.graphics.g2d.BitmapFont$BitmapFontData::getGlyph (25 bytes)
Event: 1.593 Thread 0x0200b800 nmethod 566 0x0224fc88 code [0x0224fd90, 0x0224fe90]
Event: 1.608 Thread 0x0200b800  567             com.badlogic.gdx.utils.FloatArray::get (54 bytes)
Event: 1.608 Thread 0x0200b800 nmethod 567 0x0224ffc8 code [0x02250120, 0x02250408]
Event: 1.608 Thread 0x0200b800  568             com.badlogic.gdx.graphics.g2d.BitmapFontCache::addGlyph (395 bytes)
Event: 1.609 Thread 0x0200b800 nmethod 568 0x022506c8 code [0x02250810, 0x02250bbc]
Event: 1.707 Thread 0x0200b800  569             com.badlogic.gdx.utils.TimSort::mergeHi (586 bytes)
Event: 1.709 Thread 0x0200b800 nmethod 569 0x022511c8 code [0x022513e0, 0x022526b0]
Event: 1.814 Thread 0x0200b800  571             java.util.HashMap$HashIterator::nextNode (100 bytes)
Event: 1.814 Thread 0x0200b800 nmethod 571 0x022535c8 code [0x022536f0, 0x022538e8]

GC Heap History (4 events):
Event: 0.688 GC heap before
{Heap before GC invocations=0 (full 0):
 def new generation   total 15360K, used 13495K [0x04200000, 0x052a0000, 0x06ca0000)
  eden space 13696K,  98% used [0x04200000, 0x04f2de18, 0x04f60000)
  from space 1664K,   0% used [0x04f60000, 0x04f60000, 0x05100000)
  to   space 1664K,   0% used [0x05100000, 0x05100000, 0x052a0000)
 tenured generation   total 34176K, used 0K [0x06ca0000, 0x08e00000, 0x0c200000)
   the space 34176K,   0% used [0x06ca0000, 0x06ca0000, 0x06ca0200, 0x08e00000)
 Metaspace       used 2036K, capacity 3999K, committed 4032K, reserved 4480K
Event: 0.693 GC heap after
Heap after GC invocations=1 (full 0):
 def new generation   total 15360K, used 1664K [0x04200000, 0x052a0000, 0x06ca0000)
  eden space 13696K,   0% used [0x04200000, 0x04200000, 0x04f60000)
  from space 1664K, 100% used [0x05100000, 0x052a0000, 0x052a0000)
  to   space 1664K,   0% used [0x04f60000, 0x04f60000, 0x05100000)
 tenured generation   total 34176K, used 1104K [0x06ca0000, 0x08e00000, 0x0c200000)
   the space 34176K,   3% used [0x06ca0000, 0x06db41e0, 0x06db4200, 0x08e00000)
 Metaspace       used 2036K, capacity 3999K, committed 4032K, reserved 4480K
}
Event: 1.169 GC heap before
{Heap before GC invocations=1 (full 0):
 def new generation   total 15360K, used 15360K [0x04200000, 0x052a0000, 0x06ca0000)
  eden space 13696K, 100% used [0x04200000, 0x04f60000, 0x04f60000)
  from space 1664K, 100% used [0x05100000, 0x052a0000, 0x052a0000)
  to   space 1664K,   0% used [0x04f60000, 0x04f60000, 0x05100000)
 tenured generation   total 34176K, used 1104K [0x06ca0000, 0x08e00000, 0x0c200000)
   the space 34176K,   3% used [0x06ca0000, 0x06db41e0, 0x06db4200, 0x08e00000)
 Metaspace       used 3517K, capacity 5471K, committed 5504K, reserved 5504K
Event: 1.174 GC heap after
Heap after GC invocations=2 (full 0):
 def new generation   total 15360K, used 1664K [0x04200000, 0x052a0000, 0x06ca0000)
  eden space 13696K,   0% used [0x04200000, 0x04200000, 0x04f60000)
  from space 1664K, 100% used [0x04f60000, 0x05100000, 0x05100000)
  to   space 1664K,   0% used [0x05100000, 0x05100000, 0x052a0000)
 tenured generation   total 34176K, used 2418K [0x06ca0000, 0x08e00000, 0x0c200000)
   the space 34176K,   7% used [0x06ca0000, 0x06efca38, 0x06efcc00, 0x08e00000)
 Metaspace       used 3517K, capacity 5471K, committed 5504K, reserved 5504K
}

Deoptimization events (0 events):
No events

Internal exceptions (10 events):
Event: 0.073 Thread 0x01f1e000 Exception <a 'java/security/PrivilegedActionException'> (0x042f62e0) thrown at [C:\re\workspace\8-2-build-windows-i586-cygwin\jdk8u66\5298\hotspot\src\share\vm\prims\jvm.cpp, line 1386]
Event: 0.077 Thread 0x01f1e000 Exception <a 'java/io/FileNotFoundException'> (0x042f8c90) thrown at [C:\re\workspace\8-2-build-windows-i586-cygwin\jdk8u66\5298\hotspot\src\share\vm\prims\jni.cpp, line 709]
Event: 0.103 Thread 0x01f1e000 Exception <a 'java/lang/NoSuchFieldError': method resolution failed> (0x043f8188) thrown at [C:\re\workspace\8-2-build-windows-i586-cygwin\jdk8u66\5298\hotspot\src\share\vm\prims\methodHandles.cpp, line 1146]
Event: 0.105 Thread 0x01f1e000 Exception <a 'java/lang/NoSuchFieldError': method resolution failed> (0x04404328) thrown at [C:\re\workspace\8-2-build-windows-i586-cygwin\jdk8u66\5298\hotspot\src\share\vm\prims\methodHandles.cpp, line 1146]
Event: 0.233 Thread 0x01f1e000 Exception <a 'java/security/PrivilegedActionException'> (0x047cf9c8) thrown at [C:\re\workspace\8-2-build-windows-i586-cygwin\jdk8u66\5298\hotspot\src\share\vm\prims\jvm.cpp, line 1386]
Event: 0.233 Thread 0x01f1e000 Exception <a 'java/security/PrivilegedActionException'> (0x047d13a0) thrown at [C:\re\workspace\8-2-build-windows-i586-cygwin\jdk8u66\5298\hotspot\src\share\vm\prims\jvm.cpp, line 1386]
Event: 0.233 Thread 0x01f1e000 Exception <a 'java/security/PrivilegedActionException'> (0x047d23b0) thrown at [C:\re\workspace\8-2-build-windows-i586-cygwin\jdk8u66\5298\hotspot\src\share\vm\prims\jvm.cpp, line 1386]
Event: 0.233 Thread 0x01f1e000 Exception <a 'java/security/PrivilegedActionException'> (0x047d6e70) thrown at [C:\re\workspace\8-2-build-windows-i586-cygwin\jdk8u66\5298\hotspot\src\share\vm\prims\jvm.cpp, line 1386]
Event: 0.233 Thread 0x01f1e000 Exception <a 'java/security/PrivilegedActionException'> (0x047d7a30) thrown at [C:\re\workspace\8-2-build-windows-i586-cygwin\jdk8u66\5298\hotspot\src\share\vm\prims\jvm.cpp, line 1386]
Event: 0.234 Thread 0x01f1e000 Exception <a 'java/security/PrivilegedActionException'> (0x047d85b0) thrown at [C:\re\workspace\8-2-build-windows-i586-cygwin\jdk8u66\5298\hotspot\src\share\vm\prims\jvm.cpp, line 1386]

Events (10 events):
Event: 1.210 loading class org/lwjgl/opengl/Sync done
Event: 1.211 loading class org/lwjgl/opengl/Sync$RunningAvg
Event: 1.211 loading class org/lwjgl/opengl/Sync$RunningAvg done
Event: 1.211 loading class org/lwjgl/opengl/Sync$1
Event: 1.211 loading class org/lwjgl/opengl/Sync$1 done
Event: 1.211 Thread 0x0d62c000 Thread added: 0x0d62c000
Event: 1.944 loading class com/badlogic/gdx/backends/lwjgl/LwjglApplication$2
Event: 1.944 loading class com/badlogic/gdx/backends/lwjgl/LwjglApplication$2 done
Event: 1.945 loading class com/badlogic/gdx/utils/ArrayMap$Values
Event: 1.945 loading class com/badlogic/gdx/utils/ArrayMap$Values done


Dynamic libraries:
0x00900000 - 0x00933000 	C:\Program Files (x86)\Java\jre1.8.0_66\bin\javaw.exe
0x77d60000 - 0x77ed9000 	C:\WINDOWS\SYSTEM32\ntdll.dll
0x74e90000 - 0x74f80000 	C:\WINDOWS\SYSTEM32\KERNEL32.DLL
0x753b0000 - 0x75526000 	C:\WINDOWS\SYSTEM32\KERNELBASE.dll
0x77540000 - 0x775bb000 	C:\WINDOWS\SYSTEM32\ADVAPI32.dll
0x77ca0000 - 0x77d5e000 	C:\WINDOWS\SYSTEM32\msvcrt.dll
0x750d0000 - 0x75113000 	C:\WINDOWS\SYSTEM32\sechost.dll
0x758b0000 - 0x7595c000 	C:\WINDOWS\SYSTEM32\RPCRT4.dll
0x74e70000 - 0x74e8e000 	C:\WINDOWS\SYSTEM32\SspiCli.dll
0x74e60000 - 0x74e6a000 	C:\WINDOWS\SYSTEM32\CRYPTBASE.dll
0x74e00000 - 0x74e59000 	C:\WINDOWS\SYSTEM32\bcryptPrimitives.dll
0x77940000 - 0x77a80000 	C:\WINDOWS\SYSTEM32\USER32.dll
0x74f80000 - 0x750cd000 	C:\WINDOWS\SYSTEM32\GDI32.dll
0x74a10000 - 0x74c19000 	C:\WINDOWS\WinSxS\x86_microsoft.windows.common-controls_6595b64144ccf1df_6.0.10240.16384_none_3bccb1ff6bcd1849\COMCTL32.dll
0x75120000 - 0x7514b000 	C:\WINDOWS\SYSTEM32\IMM32.DLL
0x75a50000 - 0x75b70000 	C:\WINDOWS\SYSTEM32\MSCTF.dll
0x5c670000 - 0x5c72f000 	C:\Program Files (x86)\Java\jre1.8.0_66\bin\msvcr100.dll
0x5caa0000 - 0x5ce65000 	C:\Program Files (x86)\Java\jre1.8.0_66\bin\client\jvm.dll
0x75530000 - 0x75536000 	C:\WINDOWS\SYSTEM32\PSAPI.DLL
0x74df0000 - 0x74df8000 	C:\WINDOWS\SYSTEM32\VERSION.dll
0x67850000 - 0x67858000 	C:\WINDOWS\SYSTEM32\WSOCK32.dll
0x749d0000 - 0x749f4000 	C:\WINDOWS\SYSTEM32\WINMM.dll
0x77770000 - 0x777cc000 	C:\WINDOWS\SYSTEM32\WS2_32.dll
0x749a0000 - 0x749c3000 	C:\WINDOWS\SYSTEM32\WINMMBASE.dll
0x76ff0000 - 0x76ff7000 	C:\WINDOWS\SYSTEM32\NSI.dll
0x775c0000 - 0x775f6000 	C:\WINDOWS\SYSTEM32\cfgmgr32.dll
0x74970000 - 0x74991000 	C:\WINDOWS\SYSTEM32\DEVOBJ.dll
0x5c9d0000 - 0x5c9dc000 	C:\Program Files (x86)\Java\jre1.8.0_66\bin\verify.dll
0x5c9a0000 - 0x5c9c1000 	C:\Program Files (x86)\Java\jre1.8.0_66\bin\java.dll
0x5c980000 - 0x5c993000 	C:\Program Files (x86)\Java\jre1.8.0_66\bin\zip.dll
0x75bc0000 - 0x76f7e000 	C:\WINDOWS\SYSTEM32\SHELL32.dll
0x77060000 - 0x7753c000 	C:\WINDOWS\SYSTEM32\windows.storage.dll
0x77a80000 - 0x77c3a000 	C:\WINDOWS\SYSTEM32\combase.dll
0x75360000 - 0x753a4000 	C:\WINDOWS\SYSTEM32\shlwapi.dll
0x75820000 - 0x7582c000 	C:\WINDOWS\SYSTEM32\kernel.appcore.dll
0x75540000 - 0x755cd000 	C:\WINDOWS\SYSTEM32\shcore.dll
0x76f80000 - 0x76fc4000 	C:\WINDOWS\SYSTEM32\powrprof.dll
0x77600000 - 0x7760f000 	C:\WINDOWS\SYSTEM32\profapi.dll
0x6c0a0000 - 0x6c1e5000 	C:\Program Files (x86)\Java\jre1.8.0_66\bin\awt.dll
0x755d0000 - 0x75662000 	C:\WINDOWS\SYSTEM32\OLEAUT32.dll
0x73270000 - 0x73301000 	C:\WINDOWS\system32\apphelp.dll
0x741d0000 - 0x74245000 	C:\WINDOWS\system32\uxtheme.dll
0x723d0000 - 0x72411000 	C:\Program Files (x86)\TeamViewer\tv_w32.dll
0x75960000 - 0x75a4a000 	C:\WINDOWS\SYSTEM32\ole32.dll
0x73380000 - 0x7339d000 	C:\WINDOWS\system32\dwmapi.dll
0x6cec0000 - 0x6cf33000 	C:\Users\nilsb\AppData\Local\Temp\libgdxnilsb\bd48096\gdx.dll
0x74480000 - 0x74493000 	C:\WINDOWS\SYSTEM32\CRYPTSP.dll
0x74d60000 - 0x74d7b000 	C:\WINDOWS\SYSTEM32\bcrypt.dll
0x74320000 - 0x7434f000 	C:\WINDOWS\system32\rsaenh.dll
0x74c30000 - 0x74c49000 	C:\WINDOWS\SYSTEM32\USERENV.dll
0x5c960000 - 0x5c976000 	C:\Program Files (x86)\Java\jre1.8.0_66\bin\net.dll
0x74830000 - 0x7487e000 	C:\WINDOWS\system32\mswsock.dll
0x74940000 - 0x74970000 	C:\WINDOWS\SYSTEM32\IPHLPAPI.DLL
0x74880000 - 0x74888000 	C:\WINDOWS\SYSTEM32\WINNSI.DLL
0x73de0000 - 0x73df3000 	C:\WINDOWS\SYSTEM32\dhcpcsvc6.DLL
0x73e00000 - 0x73e14000 	C:\WINDOWS\SYSTEM32\dhcpcsvc.DLL
0x5c950000 - 0x5c95f000 	C:\Program Files (x86)\Java\jre1.8.0_66\bin\nio.dll
0x10000000 - 0x1004f000 	C:\Users\nilsb\AppData\Local\Temp\libgdxnilsb\68069333\lwjgl.dll
0x67890000 - 0x67970000 	C:\WINDOWS\SYSTEM32\OPENGL32.dll
0x67860000 - 0x67885000 	C:\WINDOWS\SYSTEM32\GLU32.dll
0x72c70000 - 0x72d5b000 	C:\WINDOWS\SYSTEM32\DDRAW.dll
0x73370000 - 0x73377000 	C:\WINDOWS\SYSTEM32\DCIMAN32.dll
0x0d8b0000 - 0x0d915000 	C:\Users\nilsb\AppData\Local\Temp\libgdxnilsb\68069333\OpenAL32.dll
0x75150000 - 0x751d2000 	C:\WINDOWS\SYSTEM32\clbcatq.dll
0x6fcd0000 - 0x6fd24000 	C:\WINDOWS\System32\MMDevApi.dll
0x73fb0000 - 0x740f2000 	C:\WINDOWS\System32\PROPSYS.dll
0x6fc40000 - 0x6fcc6000 	C:\WINDOWS\SYSTEM32\dsound.dll
0x70b80000 - 0x70be8000 	C:\WINDOWS\SYSTEM32\AUDIOSES.DLL
0x70ab0000 - 0x70b75000 	C:\WINDOWS\SYSTEM32\wintypes.dll
0x68e60000 - 0x6a64b000 	C:\WINDOWS\SYSTEM32\nvoglv32.DLL
0x75670000 - 0x75815000 	C:\WINDOWS\SYSTEM32\SETUPAPI.dll
0x73450000 - 0x7358f000 	C:\WINDOWS\SYSTEM32\dbghelp.dll
0x74c20000 - 0x74c2f000 	C:\WINDOWS\SYSTEM32\WTSAPI32.dll
0x75b70000 - 0x75bb2000 	C:\WINDOWS\SYSTEM32\WINTRUST.dll
0x76fd0000 - 0x76fde000 	C:\WINDOWS\SYSTEM32\MSASN1.dll
0x751e0000 - 0x75355000 	C:\WINDOWS\SYSTEM32\CRYPT32.dll
0x74d30000 - 0x74d58000 	C:\WINDOWS\SYSTEM32\ntmarta.dll
0x73be0000 - 0x73c24000 	C:\WINDOWS\SYSTEM32\WINSTA.dll
0x6f370000 - 0x6f3ef000 	C:\WINDOWS\SYSTEM32\mscms.dll
0x50040000 - 0x5007d000 	C:\WINDOWS\SYSTEM32\icm32.dll
0x65080000 - 0x65491000 	C:\Users\nilsb\AppData\Local\Temp\libgdxnilsb\4dacbe1e\gdx-bullet.dll
0x6dd40000 - 0x6de40000 	C:\Users\nilsb\AppData\Local\Temp\libgdxnilsb\740d6003\gdx-controllers-desktop.dll
0x6f930000 - 0x6f966000 	C:\WINDOWS\SYSTEM32\dinput8.dll
0x67840000 - 0x6784a000 	C:\WINDOWS\SYSTEM32\HID.DLL

VM Arguments:
jvm_args: -Xms50M -Xmx128M -Dfile.encoding=Cp1252 
java_command: com.uos.mortaldestiny.desktop.DesktopLauncher
java_class_path (initial): C:\git\MortalDestiny\desktop\bin;C:\Users\nilsb\.gradle\caches\modules-2\files-2.1\com.badlogicgames.gdx\gdx-backend-lwjgl\1.8.0\83ec9ed2262d201b0c76183a92450286ca39bd63\gdx-backend-lwjgl-1.8.0.jar;C:\Users\nilsb\.gradle\caches\modules-2\files-2.1\com.badlogicgames.gdx\gdx-platform\1.8.0\96dac3baecfdf1e28ac6dbfe51f3cfcaf6f90785\gdx-platform-1.8.0-natives-desktop.jar;C:\Users\nilsb\.gradle\caches\modules-2\files-2.1\com.badlogicgames.gdx\gdx-box2d-platform\1.8.0\78d7e6f73ae42f74f4c91fa0d801e5d13bdbb948\gdx-box2d-platform-1.8.0-natives-desktop.jar;C:\Users\nilsb\.gradle\caches\modules-2\files-2.1\com.badlogicgames.gdx\gdx-tools\1.8.0\5725b366dff2167eae8cec1b4a1a2806fe7b5e27\gdx-tools-1.8.0.jar;C:\Users\nilsb\.gradle\caches\modules-2\files-2.1\com.badlogicgames.gdx\gdx-controllers-desktop\1.8.0\7f68c6c789ada7c67b1b7244123743e4e37be931\gdx-controllers-desktop-1.8.0.jar;C:\Users\nilsb\.gradle\caches\modules-2\files-2.1\com.badlogicgames.gdx\gdx-controllers-platform\1.8.0\f67537398b20867b3a49fedc6996b862a2c87ef7\gdx-controllers-platform-1.8.0-natives-desktop.jar;C:\Users\nilsb\.gradle\caches\modules-2\files-2.1\com.badlogicgames.gdx\gdx-bullet-platform\1.8.0\703309c89f68f06b2795742af36799091fcbe4a4\gdx-bullet-platform-1.8.0-natives-desktop.jar;C:\Users\nilsb\.gradle\caches\modules-2\files-2.1\com.badlogicgames.gdx\gdx\1.8.0\8aaf0d40f211e94051538d28b06996a6cc5ed2af\gdx-1.8.0.jar;C:\Users\nilsb\.gradle\caches\modules-2\files-2.1\com.badlogicgames.gdx\gdx-box2d\1.8.0\a87cfc0621180fd6976238366541d6211f9e18a4\gdx-box2d-1.8.0.jar;C:\Users\nilsb\.gradle\caches\modules-2\files-2.1\com.badlogicgames.box2dlights\box2dlights\1.4\3d77ad5b4164fb32fc67e2446e35911bb0aaf0bd\box2dlights-1.4.jar;C:\Users\nilsb\.gradle\caches\modules-2\files-2.1\com.badlogicgames.ashley\ashley\1.7.0\a7c4083c0a42027a3c03ba7ccecef6cbe1c5f0a4\ashley-1.7.0.jar;C:\Users\nilsb\.gradle\caches\modules-2\files-2.1\com.badlogicgames.gdx\gdx-ai\1.7.0\e74a876dbaabe28abe8160d677b0a67b61c7dfa
Launcher Type: SUN_STANDARD

Environment Variables:
PATH=C:/Program Files (x86)/Java/jre1.8.0_66/bin/client;C:/Program Files (x86)/Java/jre1.8.0_66/bin;C:/Program Files (x86)/Java/jre1.8.0_66/lib/i386;C:\ProgramData\Oracle\Java\javapath;C:\Program Files (x86)\AMD APP\bin\x86_64;C:\Program Files (x86)\AMD APP\bin\x86;C:\WINDOWS\system32;C:\WINDOWS;C:\WINDOWS\System32\Wbem;C:\WINDOWS\System32\WindowsPowerShell\v1.0\;C:\Program Files (x86)\ATI Technologies\ATI.ACE\Core-Static;C:\Program Files (x86)\Skype\Phone\;C:\Program Files (x86)\NVIDIA Corporation\PhysX\Common;C:\Users\nilsb\Desktop;
USERNAME=nilsb
OS=Windows_NT
PROCESSOR_IDENTIFIER=AMD64 Family 21 Model 2 Stepping 0, AuthenticAMD



---------------  S Y S T E M  ---------------

OS: Windows 10.0 , 64 bit Build 10240 (10.0.10240.16384)

CPU:total 8 (8 cores per cpu, 1 threads per core) family 21 model 2 stepping 0, cmov, cx8, fxsr, mmx, sse, sse2, sse3, ssse3, sse4.1, sse4.2, popcnt, avx, aes, clmul, mmxext, 3dnowpref, lzcnt, sse4a, tsc, tscinvbit, tscinv, bmi1

Memory: 4k page, physical 16674268k(12242312k free), swap 17722844k(11876172k free)

vm_info: Java HotSpot(TM) Client VM (25.66-b18) for windows-x86 JRE (1.8.0_66-b18), built on Nov  9 2015 10:58:29 by "java_re" with MS VC++ 10.0 (VS2010)

time: Wed Jan 27 22:55:33 2016
elapsed time: 1 seconds (0d 0h 0m 1s)

